#
# There is insufficient memory for the Java Runtime Environment to continue.
# Native memory allocation (malloc) failed to allocate 55616 bytes for Chunk::new
# Possible reasons:
#   The system is out of physical RAM or swap space
#   The process is running with CompressedOops enabled, and the Java Heap may be blocking the growth of the native heap
# Possible solutions:
#   Reduce memory load on the system
#   Increase physical memory or swap space
#   Check if swap backing store is full
#   Decrease Java heap size (-Xmx/-Xms)
#   Decrease number of Java threads
#   Decrease Java thread stack sizes (-Xss)
#   Set larger code cache with -XX:ReservedCodeCacheSize=
#   JVM is running with Zero Based Compressed Oops mode in which the Java heap is
#     placed in the first 32GB address space. The Java Heap base address is the
#     maximum limit for the native heap growth. Please use -XX:HeapBaseMinAddress
#     to set the Java Heap base and to place the Java Heap above 32GB virtual address.
# This output file may be truncated or incomplete.
#
#  Out of Memory Error (arena.cpp:184), pid=13212, tid=19440
#
# JRE version: Java(TM) SE Runtime Environment (19.0.2+7) (build 19.0.2+7-44)
# Java VM: Java HotSpot(TM) 64-Bit Server VM (19.0.2+7-44, mixed mode, sharing, tiered, compressed oops, compressed class ptrs, g1 gc, windows-amd64)
# No core dump will be written. Minidumps are not enabled by default on client versions of Windows
#

---------------  S U M M A R Y ------------

Command Line: -Dfile.encoding=UTF-8 --module-path=C:\Users\HP 840 G3\Desktop\Quiz\build\classes quiz.application.Rules

Host: Intel(R) Core(TM) i5-6300U CPU @ 2.40GHz, 4 cores, 15G,  Windows 11 , 64 bit Build 22000 (10.0.22000.1880)
Time: Wed May 31 01:12:21 2023 Pakistan Standard Time elapsed time: 0.213885 seconds (0d 0h 0m 0s)

---------------  T H R E A D  ---------------

Current thread (0x0000026a7e87fa50):  JavaThread "C2 CompilerThread0" daemon [_thread_in_native, id=19440, stack(0x000000b8b7700000,0x000000b8b7800000)]


Current CompileTask:
C2:    213  337       4       jdk.internal.org.objectweb.asm.ByteVector::putUTF8 (144 bytes)

Stack: [0x000000b8b7700000,0x000000b8b7800000]
Native frames: (J=compiled Java code, j=interpreted, Vv=VM code, C=native code)
V  [jvm.dll+0x6ee21a]
V  [jvm.dll+0x85765e]
V  [jvm.dll+0x85904e]
V  [jvm.dll+0x859703]
V  [jvm.dll+0x28298f]
V  [jvm.dll+0xc9adf]
V  [jvm.dll+0xc9e65]
V  [jvm.dll+0x2f7caf]
V  [jvm.dll+0x5f076b]
V  [jvm.dll+0x255483]
V  [jvm.dll+0x24df0e]
V  [jvm.dll+0x24b673]
V  [jvm.dll+0x1d6ce1]
V  [jvm.dll+0x25b25a]
V  [jvm.dll+0x2596e8]
V  [jvm.dll+0x807588]
V  [jvm.dll+0x80125a]
V  [jvm.dll+0x6ecf0b]
C  [ucrtbase.dll+0x26c0c]
C  [KERNEL32.DLL+0x155a0]
C  [ntdll.dll+0x485b]


---------------  P R O C E S S  ---------------

Threads class SMR info:
_java_thread_list=0x0000026a7eac7ba0, length=12, elements={
0x0000026a6ccca6a0, 0x0000026a7e874b60, 0x0000026a7e8775a0, 0x0000026a7e87bef0,
0x0000026a7e87cb80, 0x0000026a7e87d4b0, 0x0000026a7e87dde0, 0x0000026a7e87fa50,
0x0000026a7e9ee0f0, 0x0000026a7ea08650, 0x0000026a7ea3e9a0, 0x0000026a7eb3e040
}

Java Threads: ( => current thread )
  0x0000026a6ccca6a0 JavaThread "main" [_thread_in_vm, id=424, stack(0x000000b8b6a00000,0x000000b8b6b00000)]
  0x0000026a7e874b60 JavaThread "Reference Handler" daemon [_thread_blocked, id=17552, stack(0x000000b8b7100000,0x000000b8b7200000)]
  0x0000026a7e8775a0 JavaThread "Finalizer" daemon [_thread_blocked, id=17788, stack(0x000000b8b7200000,0x000000b8b7300000)]
  0x0000026a7e87bef0 JavaThread "Signal Dispatcher" daemon [_thread_blocked, id=2944, stack(0x000000b8b7300000,0x000000b8b7400000)]
  0x0000026a7e87cb80 JavaThread "Attach Listener" daemon [_thread_blocked, id=12488, stack(0x000000b8b7400000,0x000000b8b7500000)]
  0x0000026a7e87d4b0 JavaThread "Service Thread" daemon [_thread_blocked, id=11344, stack(0x000000b8b7500000,0x000000b8b7600000)]
  0x0000026a7e87dde0 JavaThread "Monitor Deflation Thread" daemon [_thread_blocked, id=14016, stack(0x000000b8b7600000,0x000000b8b7700000)]
=>0x0000026a7e87fa50 JavaThread "C2 CompilerThread0" daemon [_thread_in_native, id=19440, stack(0x000000b8b7700000,0x000000b8b7800000)]
  0x0000026a7e9ee0f0 JavaThread "C1 CompilerThread0" daemon [_thread_in_vm, id=17796, stack(0x000000b8b7800000,0x000000b8b7900000)]
  0x0000026a7ea08650 JavaThread "Sweeper thread" daemon [_thread_blocked, id=2032, stack(0x000000b8b7900000,0x000000b8b7a00000)]
  0x0000026a7ea3e9a0 JavaThread "Common-Cleaner" daemon [_thread_blocked, id=8684, stack(0x000000b8b7a00000,0x000000b8b7b00000)]
  0x0000026a7eb3e040 JavaThread "Notification Thread" daemon [_thread_blocked, id=16976, stack(0x000000b8b7b00000,0x000000b8b7c00000)]

Other Threads:
  0x0000026a7e856db0 VMThread "VM Thread" [stack: 0x000000b8b7000000,0x000000b8b7100000] [id=16932]
  0x0000026a7eb22340 WatcherThread "VM Periodic Task Thread" [stack: 0x000000b8b7c00000,0x000000b8b7d00000] [id=13040]
  0x0000026a6cd3cb40 WorkerThread "GC Thread#0" [stack: 0x000000b8b6b00000,0x000000b8b6c00000] [id=764]
  0x0000026a6cd4dac0 ConcurrentGCThread "G1 Main Marker" [stack: 0x000000b8b6c00000,0x000000b8b6d00000] [id=21196]
  0x0000026a6cd4eba0 WorkerThread "G1 Conc#0" [stack: 0x000000b8b6d00000,0x000000b8b6e00000] [id=6104]
  0x0000026a6cd9e1c0 ConcurrentGCThread "G1 Refine#0" [stack: 0x000000b8b6e00000,0x000000b8b6f00000] [id=13812]
  0x0000026a6cd9eab0 ConcurrentGCThread "G1 Service" [stack: 0x000000b8b6f00000,0x000000b8b7000000] [id=9396]

Threads with active compile tasks:
C2 CompilerThread0      242  337       4       jdk.internal.org.objectweb.asm.ByteVector::putUTF8 (144 bytes)
C1 CompilerThread0      242  352       3       java.lang.invoke.MethodType::parameterSlotCount (8 bytes)

VM state: not at safepoint (normal execution)

VM Mutex/Monitor currently owned by a thread:  ([mutex/lock_event])
[0x0000026a6ccc4bb0] Metaspace_lock - owner thread: 0x0000026a6ccca6a0
[0x0000026a6ccc78a0] MethodData_lock - owner thread: 0x0000026a7e9ee0f0

Heap address: 0x0000000701e00000, size: 4066 MB, Compressed Oops mode: Zero based, Oop shift amount: 3

CDS archive(s) mapped at: [0x0000000800000000-0x0000000800c40000-0x0000000800c40000), size 12845056, SharedBaseAddress: 0x0000000800000000, ArchiveRelocationMode: 0.
Compressed class space mapped at: 0x0000000801000000-0x0000000841000000, reserved size: 1073741824
Narrow klass base: 0x0000000800000000, Narrow klass shift: 0, Narrow klass range: 0x100000000

GC Precious Log:
 CardTable entry size: 512
 Card Set container configuration: InlinePtr #cards 4 size 8 Array Of Cards #cards 16 size 48 Howl #buckets 8 coarsen threshold 3686 Howl Bitmap #cards 512 size 80 coarsen threshold 460 Card regions per heap region 1 cards per card region 4096
 CPUs: 4 total, 4 available
 Memory: 16263M
 Large Page Support: Disabled
 NUMA Support: Disabled
 Compressed Oops: Enabled (Zero based)
 Heap Region Size: 2M
 Heap Min Capacity: 8M
 Heap Initial Capacity: 256M
 Heap Max Capacity: 4066M
 Pre-touch: Disabled
 Parallel Workers: 4
 Concurrent Workers: 1
 Concurrent Refinement Workers: 4
 Periodic GC: Disabled

Heap:
 garbage-first heap   total 262144K, used 2048K [0x0000000701e00000, 0x0000000800000000)
  region size 2048K, 2 young (4096K), 0 survivors (0K)
 Metaspace       used 1873K, committed 2048K, reserved 1114112K
  class space    used 160K, committed 256K, reserved 1048576K

Heap Regions: E=young(eden), S=young(survivor), O=old, HS=humongous(starts), HC=humongous(continues), CS=collection set, F=free, OA=open archive, CA=closed archive, TAMS=top-at-mark-start (previous, next)
|   0|0x0000000701e00000, 0x0000000701e00000, 0x0000000702000000|  0%| F|  |TAMS 0x0000000701e00000, 0x0000000701e00000| Untracked 
|   1|0x0000000702000000, 0x0000000702000000, 0x0000000702200000|  0%| F|  |TAMS 0x0000000702000000, 0x0000000702000000| Untracked 
|   2|0x0000000702200000, 0x0000000702200000, 0x0000000702400000|  0%| F|  |TAMS 0x0000000702200000, 0x0000000702200000| Untracked 
|   3|0x0000000702400000, 0x0000000702400000, 0x0000000702600000|  0%| F|  |TAMS 0x0000000702400000, 0x0000000702400000| Untracked 
|   4|0x0000000702600000, 0x0000000702600000, 0x0000000702800000|  0%| F|  |TAMS 0x0000000702600000, 0x0000000702600000| Untracked 
|   5|0x0000000702800000, 0x0000000702800000, 0x0000000702a00000|  0%| F|  |TAMS 0x0000000702800000, 0x0000000702800000| Untracked 
|   6|0x0000000702a00000, 0x0000000702a00000, 0x0000000702c00000|  0%| F|  |TAMS 0x0000000702a00000, 0x0000000702a00000| Untracked 
|   7|0x0000000702c00000, 0x0000000702c00000, 0x0000000702e00000|  0%| F|  |TAMS 0x0000000702c00000, 0x0000000702c00000| Untracked 
|   8|0x0000000702e00000, 0x0000000702e00000, 0x0000000703000000|  0%| F|  |TAMS 0x0000000702e00000, 0x0000000702e00000| Untracked 
|   9|0x0000000703000000, 0x0000000703000000, 0x0000000703200000|  0%| F|  |TAMS 0x0000000703000000, 0x0000000703000000| Untracked 
|  10|0x0000000703200000, 0x0000000703200000, 0x0000000703400000|  0%| F|  |TAMS 0x0000000703200000, 0x0000000703200000| Untracked 
|  11|0x0000000703400000, 0x0000000703400000, 0x0000000703600000|  0%| F|  |TAMS 0x0000000703400000, 0x0000000703400000| Untracked 
|  12|0x0000000703600000, 0x0000000703600000, 0x0000000703800000|  0%| F|  |TAMS 0x0000000703600000, 0x0000000703600000| Untracked 
|  13|0x0000000703800000, 0x0000000703800000, 0x0000000703a00000|  0%| F|  |TAMS 0x0000000703800000, 0x0000000703800000| Untracked 
|  14|0x0000000703a00000, 0x0000000703a00000, 0x0000000703c00000|  0%| F|  |TAMS 0x0000000703a00000, 0x0000000703a00000| Untracked 
|  15|0x0000000703c00000, 0x0000000703c00000, 0x0000000703e00000|  0%| F|  |TAMS 0x0000000703c00000, 0x0000000703c00000| Untracked 
|  16|0x0000000703e00000, 0x0000000703e00000, 0x0000000704000000|  0%| F|  |TAMS 0x0000000703e00000, 0x0000000703e00000| Untracked 
|  17|0x0000000704000000, 0x0000000704000000, 0x0000000704200000|  0%| F|  |TAMS 0x0000000704000000, 0x0000000704000000| Untracked 
|  18|0x0000000704200000, 0x0000000704200000, 0x0000000704400000|  0%| F|  |TAMS 0x0000000704200000, 0x0000000704200000| Untracked 
|  19|0x0000000704400000, 0x0000000704400000, 0x0000000704600000|  0%| F|  |TAMS 0x0000000704400000, 0x0000000704400000| Untracked 
|  20|0x0000000704600000, 0x0000000704600000, 0x0000000704800000|  0%| F|  |TAMS 0x0000000704600000, 0x0000000704600000| Untracked 
|  21|0x0000000704800000, 0x0000000704800000, 0x0000000704a00000|  0%| F|  |TAMS 0x0000000704800000, 0x0000000704800000| Untracked 
|  22|0x0000000704a00000, 0x0000000704a00000, 0x0000000704c00000|  0%| F|  |TAMS 0x0000000704a00000, 0x0000000704a00000| Untracked 
|  23|0x0000000704c00000, 0x0000000704c00000, 0x0000000704e00000|  0%| F|  |TAMS 0x0000000704c00000, 0x0000000704c00000| Untracked 
|  24|0x0000000704e00000, 0x0000000704e00000, 0x0000000705000000|  0%| F|  |TAMS 0x0000000704e00000, 0x0000000704e00000| Untracked 
|  25|0x0000000705000000, 0x0000000705000000, 0x0000000705200000|  0%| F|  |TAMS 0x0000000705000000, 0x0000000705000000| Untracked 
|  26|0x0000000705200000, 0x0000000705200000, 0x0000000705400000|  0%| F|  |TAMS 0x0000000705200000, 0x0000000705200000| Untracked 
|  27|0x0000000705400000, 0x0000000705400000, 0x0000000705600000|  0%| F|  |TAMS 0x0000000705400000, 0x0000000705400000| Untracked 
|  28|0x0000000705600000, 0x0000000705600000, 0x0000000705800000|  0%| F|  |TAMS 0x0000000705600000, 0x0000000705600000| Untracked 
|  29|0x0000000705800000, 0x0000000705800000, 0x0000000705a00000|  0%| F|  |TAMS 0x0000000705800000, 0x0000000705800000| Untracked 
|  30|0x0000000705a00000, 0x0000000705a00000, 0x0000000705c00000|  0%| F|  |TAMS 0x0000000705a00000, 0x0000000705a00000| Untracked 
|  31|0x0000000705c00000, 0x0000000705c00000, 0x0000000705e00000|  0%| F|  |TAMS 0x0000000705c00000, 0x0000000705c00000| Untracked 
|  32|0x0000000705e00000, 0x0000000705e00000, 0x0000000706000000|  0%| F|  |TAMS 0x0000000705e00000, 0x0000000705e00000| Untracked 
|  33|0x0000000706000000, 0x0000000706000000, 0x0000000706200000|  0%| F|  |TAMS 0x0000000706000000, 0x0000000706000000| Untracked 
|  34|0x0000000706200000, 0x0000000706200000, 0x0000000706400000|  0%| F|  |TAMS 0x0000000706200000, 0x0000000706200000| Untracked 
|  35|0x0000000706400000, 0x0000000706400000, 0x0000000706600000|  0%| F|  |TAMS 0x0000000706400000, 0x0000000706400000| Untracked 
|  36|0x0000000706600000, 0x0000000706600000, 0x0000000706800000|  0%| F|  |TAMS 0x0000000706600000, 0x0000000706600000| Untracked 
|  37|0x0000000706800000, 0x0000000706800000, 0x0000000706a00000|  0%| F|  |TAMS 0x0000000706800000, 0x0000000706800000| Untracked 
|  38|0x0000000706a00000, 0x0000000706a00000, 0x0000000706c00000|  0%| F|  |TAMS 0x0000000706a00000, 0x0000000706a00000| Untracked 
|  39|0x0000000706c00000, 0x0000000706c00000, 0x0000000706e00000|  0%| F|  |TAMS 0x0000000706c00000, 0x0000000706c00000| Untracked 
|  40|0x0000000706e00000, 0x0000000706e00000, 0x0000000707000000|  0%| F|  |TAMS 0x0000000706e00000, 0x0000000706e00000| Untracked 
|  41|0x0000000707000000, 0x0000000707000000, 0x0000000707200000|  0%| F|  |TAMS 0x0000000707000000, 0x0000000707000000| Untracked 
|  42|0x0000000707200000, 0x0000000707200000, 0x0000000707400000|  0%| F|  |TAMS 0x0000000707200000, 0x0000000707200000| Untracked 
|  43|0x0000000707400000, 0x0000000707400000, 0x0000000707600000|  0%| F|  |TAMS 0x0000000707400000, 0x0000000707400000| Untracked 
|  44|0x0000000707600000, 0x0000000707600000, 0x0000000707800000|  0%| F|  |TAMS 0x0000000707600000, 0x0000000707600000| Untracked 
|  45|0x0000000707800000, 0x0000000707800000, 0x0000000707a00000|  0%| F|  |TAMS 0x0000000707800000, 0x0000000707800000| Untracked 
|  46|0x0000000707a00000, 0x0000000707a00000, 0x0000000707c00000|  0%| F|  |TAMS 0x0000000707a00000, 0x0000000707a00000| Untracked 
|  47|0x0000000707c00000, 0x0000000707c00000, 0x0000000707e00000|  0%| F|  |TAMS 0x0000000707c00000, 0x0000000707c00000| Untracked 
|  48|0x0000000707e00000, 0x0000000707e00000, 0x0000000708000000|  0%| F|  |TAMS 0x0000000707e00000, 0x0000000707e00000| Untracked 
|  49|0x0000000708000000, 0x0000000708000000, 0x0000000708200000|  0%| F|  |TAMS 0x0000000708000000, 0x0000000708000000| Untracked 
|  50|0x0000000708200000, 0x0000000708200000, 0x0000000708400000|  0%| F|  |TAMS 0x0000000708200000, 0x0000000708200000| Untracked 
|  51|0x0000000708400000, 0x0000000708400000, 0x0000000708600000|  0%| F|  |TAMS 0x0000000708400000, 0x0000000708400000| Untracked 
|  52|0x0000000708600000, 0x0000000708600000, 0x0000000708800000|  0%| F|  |TAMS 0x0000000708600000, 0x0000000708600000| Untracked 
|  53|0x0000000708800000, 0x0000000708800000, 0x0000000708a00000|  0%| F|  |TAMS 0x0000000708800000, 0x0000000708800000| Untracked 
|  54|0x0000000708a00000, 0x0000000708a00000, 0x0000000708c00000|  0%| F|  |TAMS 0x0000000708a00000, 0x0000000708a00000| Untracked 
|  55|0x0000000708c00000, 0x0000000708c00000, 0x0000000708e00000|  0%| F|  |TAMS 0x0000000708c00000, 0x0000000708c00000| Untracked 
|  56|0x0000000708e00000, 0x0000000708e00000, 0x0000000709000000|  0%| F|  |TAMS 0x0000000708e00000, 0x0000000708e00000| Untracked 
|  57|0x0000000709000000, 0x0000000709000000, 0x0000000709200000|  0%| F|  |TAMS 0x0000000709000000, 0x0000000709000000| Untracked 
|  58|0x0000000709200000, 0x0000000709200000, 0x0000000709400000|  0%| F|  |TAMS 0x0000000709200000, 0x0000000709200000| Untracked 
|  59|0x0000000709400000, 0x0000000709400000, 0x0000000709600000|  0%| F|  |TAMS 0x0000000709400000, 0x0000000709400000| Untracked 
|  60|0x0000000709600000, 0x0000000709600000, 0x0000000709800000|  0%| F|  |TAMS 0x0000000709600000, 0x0000000709600000| Untracked 
|  61|0x0000000709800000, 0x0000000709800000, 0x0000000709a00000|  0%| F|  |TAMS 0x0000000709800000, 0x0000000709800000| Untracked 
|  62|0x0000000709a00000, 0x0000000709a00000, 0x0000000709c00000|  0%| F|  |TAMS 0x0000000709a00000, 0x0000000709a00000| Untracked 
|  63|0x0000000709c00000, 0x0000000709c00000, 0x0000000709e00000|  0%| F|  |TAMS 0x0000000709c00000, 0x0000000709c00000| Untracked 
|  64|0x0000000709e00000, 0x0000000709e00000, 0x000000070a000000|  0%| F|  |TAMS 0x0000000709e00000, 0x0000000709e00000| Untracked 
|  65|0x000000070a000000, 0x000000070a000000, 0x000000070a200000|  0%| F|  |TAMS 0x000000070a000000, 0x000000070a000000| Untracked 
|  66|0x000000070a200000, 0x000000070a200000, 0x000000070a400000|  0%| F|  |TAMS 0x000000070a200000, 0x000000070a200000| Untracked 
|  67|0x000000070a400000, 0x000000070a400000, 0x000000070a600000|  0%| F|  |TAMS 0x000000070a400000, 0x000000070a400000| Untracked 
|  68|0x000000070a600000, 0x000000070a600000, 0x000000070a800000|  0%| F|  |TAMS 0x000000070a600000, 0x000000070a600000| Untracked 
|  69|0x000000070a800000, 0x000000070a800000, 0x000000070aa00000|  0%| F|  |TAMS 0x000000070a800000, 0x000000070a800000| Untracked 
|  70|0x000000070aa00000, 0x000000070aa00000, 0x000000070ac00000|  0%| F|  |TAMS 0x000000070aa00000, 0x000000070aa00000| Untracked 
|  71|0x000000070ac00000, 0x000000070ac00000, 0x000000070ae00000|  0%| F|  |TAMS 0x000000070ac00000, 0x000000070ac00000| Untracked 
|  72|0x000000070ae00000, 0x000000070ae00000, 0x000000070b000000|  0%| F|  |TAMS 0x000000070ae00000, 0x000000070ae00000| Untracked 
|  73|0x000000070b000000, 0x000000070b000000, 0x000000070b200000|  0%| F|  |TAMS 0x000000070b000000, 0x000000070b000000| Untracked 
|  74|0x000000070b200000, 0x000000070b200000, 0x000000070b400000|  0%| F|  |TAMS 0x000000070b200000, 0x000000070b200000| Untracked 
|  75|0x000000070b400000, 0x000000070b400000, 0x000000070b600000|  0%| F|  |TAMS 0x000000070b400000, 0x000000070b400000| Untracked 
|  76|0x000000070b600000, 0x000000070b600000, 0x000000070b800000|  0%| F|  |TAMS 0x000000070b600000, 0x000000070b600000| Untracked 
|  77|0x000000070b800000, 0x000000070b800000, 0x000000070ba00000|  0%| F|  |TAMS 0x000000070b800000, 0x000000070b800000| Untracked 
|  78|0x000000070ba00000, 0x000000070ba00000, 0x000000070bc00000|  0%| F|  |TAMS 0x000000070ba00000, 0x000000070ba00000| Untracked 
|  79|0x000000070bc00000, 0x000000070bc00000, 0x000000070be00000|  0%| F|  |TAMS 0x000000070bc00000, 0x000000070bc00000| Untracked 
|  80|0x000000070be00000, 0x000000070be00000, 0x000000070c000000|  0%| F|  |TAMS 0x000000070be00000, 0x000000070be00000| Untracked 
|  81|0x000000070c000000, 0x000000070c000000, 0x000000070c200000|  0%| F|  |TAMS 0x000000070c000000, 0x000000070c000000| Untracked 
|  82|0x000000070c200000, 0x000000070c200000, 0x000000070c400000|  0%| F|  |TAMS 0x000000070c200000, 0x000000070c200000| Untracked 
|  83|0x000000070c400000, 0x000000070c400000, 0x000000070c600000|  0%| F|  |TAMS 0x000000070c400000, 0x000000070c400000| Untracked 
|  84|0x000000070c600000, 0x000000070c600000, 0x000000070c800000|  0%| F|  |TAMS 0x000000070c600000, 0x000000070c600000| Untracked 
|  85|0x000000070c800000, 0x000000070c800000, 0x000000070ca00000|  0%| F|  |TAMS 0x000000070c800000, 0x000000070c800000| Untracked 
|  86|0x000000070ca00000, 0x000000070ca00000, 0x000000070cc00000|  0%| F|  |TAMS 0x000000070ca00000, 0x000000070ca00000| Untracked 
|  87|0x000000070cc00000, 0x000000070cc00000, 0x000000070ce00000|  0%| F|  |TAMS 0x000000070cc00000, 0x000000070cc00000| Untracked 
|  88|0x000000070ce00000, 0x000000070ce00000, 0x000000070d000000|  0%| F|  |TAMS 0x000000070ce00000, 0x000000070ce00000| Untracked 
|  89|0x000000070d000000, 0x000000070d000000, 0x000000070d200000|  0%| F|  |TAMS 0x000000070d000000, 0x000000070d000000| Untracked 
|  90|0x000000070d200000, 0x000000070d200000, 0x000000070d400000|  0%| F|  |TAMS 0x000000070d200000, 0x000000070d200000| Untracked 
|  91|0x000000070d400000, 0x000000070d400000, 0x000000070d600000|  0%| F|  |TAMS 0x000000070d400000, 0x000000070d400000| Untracked 
|  92|0x000000070d600000, 0x000000070d600000, 0x000000070d800000|  0%| F|  |TAMS 0x000000070d600000, 0x000000070d600000| Untracked 
|  93|0x000000070d800000, 0x000000070d800000, 0x000000070da00000|  0%| F|  |TAMS 0x000000070d800000, 0x000000070d800000| Untracked 
|  94|0x000000070da00000, 0x000000070da00000, 0x000000070dc00000|  0%| F|  |TAMS 0x000000070da00000, 0x000000070da00000| Untracked 
|  95|0x000000070dc00000, 0x000000070dc00000, 0x000000070de00000|  0%| F|  |TAMS 0x000000070dc00000, 0x000000070dc00000| Untracked 
|  96|0x000000070de00000, 0x000000070de00000, 0x000000070e000000|  0%| F|  |TAMS 0x000000070de00000, 0x000000070de00000| Untracked 
|  97|0x000000070e000000, 0x000000070e000000, 0x000000070e200000|  0%| F|  |TAMS 0x000000070e000000, 0x000000070e000000| Untracked 
|  98|0x000000070e200000, 0x000000070e200000, 0x000000070e400000|  0%| F|  |TAMS 0x000000070e200000, 0x000000070e200000| Untracked 
|  99|0x000000070e400000, 0x000000070e400000, 0x000000070e600000|  0%| F|  |TAMS 0x000000070e400000, 0x000000070e400000| Untracked 
| 100|0x000000070e600000, 0x000000070e600000, 0x000000070e800000|  0%| F|  |TAMS 0x000000070e600000, 0x000000070e600000| Untracked 
| 101|0x000000070e800000, 0x000000070e800000, 0x000000070ea00000|  0%| F|  |TAMS 0x000000070e800000, 0x000000070e800000| Untracked 
| 102|0x000000070ea00000, 0x000000070ea00000, 0x000000070ec00000|  0%| F|  |TAMS 0x000000070ea00000, 0x000000070ea00000| Untracked 
| 103|0x000000070ec00000, 0x000000070ec00000, 0x000000070ee00000|  0%| F|  |TAMS 0x000000070ec00000, 0x000000070ec00000| Untracked 
| 104|0x000000070ee00000, 0x000000070ee00000, 0x000000070f000000|  0%| F|  |TAMS 0x000000070ee00000, 0x000000070ee00000| Untracked 
| 105|0x000000070f000000, 0x000000070f000000, 0x000000070f200000|  0%| F|  |TAMS 0x000000070f000000, 0x000000070f000000| Untracked 
| 106|0x000000070f200000, 0x000000070f200000, 0x000000070f400000|  0%| F|  |TAMS 0x000000070f200000, 0x000000070f200000| Untracked 
| 107|0x000000070f400000, 0x000000070f400000, 0x000000070f600000|  0%| F|  |TAMS 0x000000070f400000, 0x000000070f400000| Untracked 
| 108|0x000000070f600000, 0x000000070f600000, 0x000000070f800000|  0%| F|  |TAMS 0x000000070f600000, 0x000000070f600000| Untracked 
| 109|0x000000070f800000, 0x000000070f800000, 0x000000070fa00000|  0%| F|  |TAMS 0x000000070f800000, 0x000000070f800000| Untracked 
| 110|0x000000070fa00000, 0x000000070fa00000, 0x000000070fc00000|  0%| F|  |TAMS 0x000000070fa00000, 0x000000070fa00000| Untracked 
| 111|0x000000070fc00000, 0x000000070fc00000, 0x000000070fe00000|  0%| F|  |TAMS 0x000000070fc00000, 0x000000070fc00000| Untracked 
| 112|0x000000070fe00000, 0x000000070fe00000, 0x0000000710000000|  0%| F|  |TAMS 0x000000070fe00000, 0x000000070fe00000| Untracked 
| 113|0x0000000710000000, 0x0000000710000000, 0x0000000710200000|  0%| F|  |TAMS 0x0000000710000000, 0x0000000710000000| Untracked 
| 114|0x0000000710200000, 0x0000000710200000, 0x0000000710400000|  0%| F|  |TAMS 0x0000000710200000, 0x0000000710200000| Untracked 
| 115|0x0000000710400000, 0x0000000710400000, 0x0000000710600000|  0%| F|  |TAMS 0x0000000710400000, 0x0000000710400000| Untracked 
| 116|0x0000000710600000, 0x0000000710600000, 0x0000000710800000|  0%| F|  |TAMS 0x0000000710600000, 0x0000000710600000| Untracked 
| 117|0x0000000710800000, 0x0000000710800000, 0x0000000710a00000|  0%| F|  |TAMS 0x0000000710800000, 0x0000000710800000| Untracked 
| 118|0x0000000710a00000, 0x0000000710a00000, 0x0000000710c00000|  0%| F|  |TAMS 0x0000000710a00000, 0x0000000710a00000| Untracked 
| 119|0x0000000710c00000, 0x0000000710c00000, 0x0000000710e00000|  0%| F|  |TAMS 0x0000000710c00000, 0x0000000710c00000| Untracked 
| 120|0x0000000710e00000, 0x0000000710e00000, 0x0000000711000000|  0%| F|  |TAMS 0x0000000710e00000, 0x0000000710e00000| Untracked 
| 121|0x0000000711000000, 0x0000000711000000, 0x0000000711200000|  0%| F|  |TAMS 0x0000000711000000, 0x0000000711000000| Untracked 
| 122|0x0000000711200000, 0x0000000711200000, 0x0000000711400000|  0%| F|  |TAMS 0x0000000711200000, 0x0000000711200000| Untracked 
| 123|0x0000000711400000, 0x0000000711400000, 0x0000000711600000|  0%| F|  |TAMS 0x0000000711400000, 0x0000000711400000| Untracked 
| 124|0x0000000711600000, 0x0000000711600000, 0x0000000711800000|  0%| F|  |TAMS 0x0000000711600000, 0x0000000711600000| Untracked 
| 125|0x0000000711800000, 0x0000000711800000, 0x0000000711a00000|  0%| F|  |TAMS 0x0000000711800000, 0x0000000711800000| Untracked 
| 126|0x0000000711a00000, 0x0000000711b34bd8, 0x0000000711c00000| 60%| E|  |TAMS 0x0000000711a00000, 0x0000000711a00000| Complete 
| 127|0x0000000711c00000, 0x0000000711e00000, 0x0000000711e00000|100%| E|CS|TAMS 0x0000000711c00000, 0x0000000711c00000| Complete 

Card table byte_map: [0x0000026a75440000,0x0000026a75c40000] _byte_map_base: 0x0000026a71c31000

Marking Bits (Prev, Next): (CMBitMap*) 0x0000026a6cd3d080, (CMBitMap*) 0x0000026a6cd3d0c0
 Prev Bits: [0x0000026a76440000, 0x0000026a7a3c8000)
 Next Bits: [0x0000026a7a3d0000, 0x0000026a7e358000)

Polling page: 0x0000026a6c4a0000

Metaspace:

Usage:
  Non-class:      1.67 MB used.
      Class:    160.75 KB used.
       Both:      1.83 MB used.

Virtual space:
  Non-class space:       64.00 MB reserved,       1.75 MB (  3%) committed,  1 nodes.
      Class space:        1.00 GB reserved,     256.00 KB ( <1%) committed,  1 nodes.
             Both:        1.06 GB reserved,       2.00 MB ( <1%) committed. 

Chunk freelists:
   Non-Class:  3.93 MB
       Class:  3.71 MB
        Both:  7.64 MB

MaxMetaspaceSize: unlimited
CompressedClassSpaceSize: 1.00 GB
Initial GC threshold: 21.00 MB
Current GC threshold: 21.00 MB
CDS: on
MetaspaceReclaimPolicy: balanced
 - commit_granule_bytes: 65536.
 - commit_granule_words: 8192.
 - virtual_space_node_default_size: 8388608.
 - enlarge_chunks_in_place: 1.
 - new_chunks_are_fully_committed: 0.
 - uncommit_free_chunks: 1.
 - use_allocation_guard: 0.


Internal statistics:

num_allocs_failed_limit: 0.
num_arena_births: 70.
num_arena_deaths: 0.
num_vsnodes_births: 2.
num_vsnodes_deaths: 0.
num_space_committed: 32.
num_space_uncommitted: 0.
num_chunks_returned_to_freelist: 0.
num_chunks_taken_from_freelist: 71.
num_chunk_merges: 0.
num_chunk_splits: 50.
num_chunks_enlarged: 33.
num_inconsistent_stats: 0.

CodeHeap 'non-profiled nmethods': size=120000Kb used=121Kb max_used=121Kb free=119878Kb
 bounds [0x0000026a07ad0000, 0x0000026a07d40000, 0x0000026a0f000000]
CodeHeap 'profiled nmethods': size=120000Kb used=429Kb max_used=429Kb free=119570Kb
 bounds [0x0000026a00000000, 0x0000026a00270000, 0x0000026a07530000]
CodeHeap 'non-nmethods': size=5760Kb used=1221Kb max_used=1221Kb free=4538Kb
 bounds [0x0000026a07530000, 0x0000026a077a0000, 0x0000026a07ad0000]
 total_blobs=772 nmethods=350 adapters=333
 compilation: enabled
              stopped_count=0, restarted_count=0
 full_count=0

Compilation events (20 events):
Event: 0.205 Thread 0x0000026a7e9ee0f0  322       3       java.lang.reflect.Modifier::isPublic (12 bytes)
Event: 0.206 Thread 0x0000026a7e9ee0f0 nmethod 322 0x0000026a0005f490 code [0x0000026a0005f620, 0x0000026a0005f778]
Event: 0.206 Thread 0x0000026a7e9ee0f0  323       3       java.lang.invoke.MethodHandle::<init> (37 bytes)
Event: 0.206 Thread 0x0000026a7e9ee0f0 nmethod 323 0x0000026a0005f810 code [0x0000026a0005fa20, 0x0000026a0005ffb8]
Event: 0.206 Thread 0x0000026a7e9ee0f0  325       3       java.lang.invoke.MemberName::getMethodOrFieldType (72 bytes)
Event: 0.207 Thread 0x0000026a7e9ee0f0 nmethod 325 0x0000026a00060210 code [0x0000026a00060560, 0x0000026a00061448]
Event: 0.207 Thread 0x0000026a7e9ee0f0  324       3       java.lang.invoke.LambdaForm::prepare (112 bytes)
Event: 0.207 Thread 0x0000026a7e9ee0f0 nmethod 324 0x0000026a00061990 code [0x0000026a00061be0, 0x0000026a00062458]
Event: 0.207 Thread 0x0000026a7e9ee0f0  331       3       sun.invoke.util.Wrapper::forPrimitiveType (122 bytes)
Event: 0.208 Thread 0x0000026a7e9ee0f0 nmethod 331 0x0000026a00062710 code [0x0000026a000629e0, 0x0000026a00063518]
Event: 0.208 Thread 0x0000026a7e9ee0f0  336       3       java.lang.invoke.LambdaForm::parameter (38 bytes)
Event: 0.208 Thread 0x0000026a7e9ee0f0 nmethod 336 0x0000026a00063810 code [0x0000026a000639a0, 0x0000026a00063af8]
Event: 0.208 Thread 0x0000026a7e9ee0f0  334       3       jdk.internal.org.objectweb.asm.Frame::getLocal (46 bytes)
Event: 0.208 Thread 0x0000026a7e87fa50  337       4       jdk.internal.org.objectweb.asm.ByteVector::putUTF8 (144 bytes)
Event: 0.208 Thread 0x0000026a7e9ee0f0 nmethod 334 0x0000026a00063c10 code [0x0000026a00063dc0, 0x0000026a00063ff8]
Event: 0.208 Thread 0x0000026a7e9ee0f0  332       3       java.lang.invoke.InvokerBytecodeGenerator::emitLoadInsn (21 bytes)
Event: 0.209 Thread 0x0000026a7e9ee0f0 nmethod 332 0x0000026a00064110 code [0x0000026a000642c0, 0x0000026a00064518]
Event: 0.209 Thread 0x0000026a7e9ee0f0  333       3       java.lang.invoke.InvokerBytecodeGenerator::emitPushArgument (150 bytes)
Event: 0.210 Thread 0x0000026a7e9ee0f0 nmethod 333 0x0000026a00064690 code [0x0000026a00064960, 0x0000026a00065748]
Event: 0.210 Thread 0x0000026a7e9ee0f0  341       3       java.lang.invoke.MethodTypeForm::canonicalize (59 bytes)

GC Heap History (0 events):
No events

Dll operation events (6 events):
Event: 0.012 Loaded shared library C:\Program Files\Java\jdk-19\bin\java.dll
Event: 0.026 Loaded shared library C:\Program Files\Java\jdk-19\bin\jsvml.dll
Event: 0.105 Loaded shared library C:\Program Files\Java\jdk-19\bin\net.dll
Event: 0.107 Loaded shared library C:\Program Files\Java\jdk-19\bin\nio.dll
Event: 0.151 Loaded shared library C:\Program Files\Java\jdk-19\bin\jimage.dll
Event: 0.170 Loaded shared library C:\Program Files\Java\jdk-19\bin\awt.dll

Deoptimization events (0 events):
No events

Classes loaded (20 events):
Event: 0.204 Loading class sun/awt/WeakIdentityHashMap
Event: 0.204 Loading class sun/awt/WeakIdentityHashMap done
Event: 0.204 Loading class sun/awt/SoftCache
Event: 0.204 Loading class sun/awt/SoftCache done
Event: 0.205 Loading class sun/awt/AppContext$State
Event: 0.205 Loading class sun/awt/AppContext$State done
Event: 0.205 Loading class sun/awt/AppContext$1
Event: 0.205 Loading class sun/awt/AppContext$1 done
Event: 0.205 Loading class java/awt/EventQueue
Event: 0.205 Loading class java/awt/EventQueue done
Event: 0.205 Loading class java/awt/EventQueue$1
Event: 0.205 Loading class java/awt/EventQueue$1 done
Event: 0.205 Loading class java/awt/EventQueue$2
Event: 0.205 Loading class sun/awt/AWTAccessor$EventQueueAccessor
Event: 0.205 Loading class sun/awt/AWTAccessor$EventQueueAccessor done
Event: 0.205 Loading class java/awt/EventQueue$2 done
Event: 0.205 Loading class java/awt/EventQueue$3
Event: 0.205 Loading class java/awt/EventQueue$3 done
Event: 0.205 Loading class java/awt/Queue
Event: 0.205 Loading class java/awt/Queue done

Classes unloaded (0 events):
No events

Classes redefined (0 events):
No events

Internal exceptions (7 events):
Event: 0.109 Thread 0x0000026a6ccca6a0 Exception <a 'sun/nio/fs/WindowsException'{0x0000000711db04d0}> (0x0000000711db04d0) 
thrown [s\open\src\hotspot\share\prims\jni.cpp, line 517]
Event: 0.110 Thread 0x0000026a6ccca6a0 Exception <a 'sun/nio/fs/WindowsException'{0x0000000711db0980}> (0x0000000711db0980) 
thrown [s\open\src\hotspot\share\prims\jni.cpp, line 517]
Event: 0.111 Thread 0x0000026a6ccca6a0 Exception <a 'sun/nio/fs/WindowsException'{0x0000000711db2950}> (0x0000000711db2950) 
thrown [s\open\src\hotspot\share\prims\jni.cpp, line 517]
Event: 0.112 Thread 0x0000026a6ccca6a0 Exception <a 'sun/nio/fs/WindowsException'{0x0000000711db32c8}> (0x0000000711db32c8) 
thrown [s\open\src\hotspot\share\prims\jni.cpp, line 517]
Event: 0.160 Thread 0x0000026a6ccca6a0 Exception <a 'java/lang/ClassNotFoundException'{0x0000000711a520f0}: sun/awt/resources/spi/awtProvider> (0x0000000711a520f0) 
thrown [s\open\src\hotspot\share\classfile\systemDictionary.cpp, line 255]
Event: 0.184 Thread 0x0000026a6ccca6a0 Exception <a 'java/io/FileNotFoundException'{0x0000000711aa9998}> (0x0000000711aa9998) 
thrown [s\open\src\hotspot\share\prims\jni.cpp, line 517]
Event: 0.193 Thread 0x0000026a6ccca6a0 Exception <a 'java/io/FileNotFoundException'{0x0000000711ad6130}> (0x0000000711ad6130) 
thrown [s\open\src\hotspot\share\prims\jni.cpp, line 517]

VM Operations (2 events):
Event: 0.113 Executing VM operation: HandshakeAllThreads
Event: 0.113 Executing VM operation: HandshakeAllThreads done

Events (12 events):
Event: 0.027 Thread 0x0000026a6ccca6a0 Thread added: 0x0000026a6ccca6a0
Event: 0.049 Thread 0x0000026a7e874b60 Thread added: 0x0000026a7e874b60
Event: 0.049 Thread 0x0000026a7e8775a0 Thread added: 0x0000026a7e8775a0
Event: 0.049 Thread 0x0000026a7e87bef0 Thread added: 0x0000026a7e87bef0
Event: 0.050 Thread 0x0000026a7e87cb80 Thread added: 0x0000026a7e87cb80
Event: 0.050 Thread 0x0000026a7e87d4b0 Thread added: 0x0000026a7e87d4b0
Event: 0.050 Thread 0x0000026a7e87dde0 Thread added: 0x0000026a7e87dde0
Event: 0.050 Thread 0x0000026a7e87fa50 Thread added: 0x0000026a7e87fa50
Event: 0.053 Thread 0x0000026a7e9ee0f0 Thread added: 0x0000026a7e9ee0f0
Event: 0.054 Thread 0x0000026a7ea08650 Thread added: 0x0000026a7ea08650
Event: 0.092 Thread 0x0000026a7ea3e9a0 Thread added: 0x0000026a7ea3e9a0
Event: 0.129 Thread 0x0000026a7eb3e040 Thread added: 0x0000026a7eb3e040


Dynamic libraries:
0x00007ff6050c0000 - 0x00007ff6050d0000 	C:\Program Files\Java\jdk-19\bin\java.exe
0x00007ffd29300000 - 0x00007ffd29509000 	C:\Windows\SYSTEM32\ntdll.dll
0x00007ffd28850000 - 0x00007ffd2890e000 	C:\Windows\System32\KERNEL32.DLL
0x00007ffd26820000 - 0x00007ffd26ba4000 	C:\Windows\System32\KERNELBASE.dll
0x00007ffd26f10000 - 0x00007ffd27021000 	C:\Windows\System32\ucrtbase.dll
0x00007ffd13c30000 - 0x00007ffd13c4b000 	C:\Program Files\Java\jdk-19\bin\VCRUNTIME140.dll
0x00007ffd1fae0000 - 0x00007ffd1faf8000 	C:\Program Files\Java\jdk-19\bin\jli.dll
0x00007ffd28570000 - 0x00007ffd2861f000 	C:\Windows\System32\ADVAPI32.dll
0x00007ffd283a0000 - 0x00007ffd28443000 	C:\Windows\System32\msvcrt.dll
0x00007ffd28e90000 - 0x00007ffd28f2e000 	C:\Windows\System32\sechost.dll
0x00007ffd27610000 - 0x00007ffd27731000 	C:\Windows\System32\RPCRT4.dll
0x00007ffd29040000 - 0x00007ffd291ed000 	C:\Windows\System32\USER32.dll
0x00007ffd26bb0000 - 0x00007ffd26bd6000 	C:\Windows\System32\win32u.dll
0x00007ffd28820000 - 0x00007ffd2884a000 	C:\Windows\System32\GDI32.dll
0x00007ffd103b0000 - 0x00007ffd10655000 	C:\Windows\WinSxS\amd64_microsoft.windows.common-controls_6595b64144ccf1df_6.0.22000.120_none_9d947278b86cc467\COMCTL32.dll
0x00007ffd26df0000 - 0x00007ffd26f0f000 	C:\Windows\System32\gdi32full.dll
0x00007ffd26d50000 - 0x00007ffd26ded000 	C:\Windows\System32\msvcp_win.dll
0x00007ffd164c0000 - 0x00007ffd164ca000 	C:\Windows\SYSTEM32\VERSION.dll
0x00007ffd28dc0000 - 0x00007ffd28df1000 	C:\Windows\System32\IMM32.DLL
0x00007ffd127a0000 - 0x00007ffd127ac000 	C:\Program Files\Java\jdk-19\bin\vcruntime140_1.dll
0x00007ffcc7f20000 - 0x00007ffcc7fae000 	C:\Program Files\Java\jdk-19\bin\msvcp140.dll
0x00007ffcc4490000 - 0x00007ffcc5150000 	C:\Program Files\Java\jdk-19\bin\server\jvm.dll
0x00007ffd135f0000 - 0x00007ffd135f9000 	C:\Windows\SYSTEM32\WSOCK32.dll
0x00007ffd287b0000 - 0x00007ffd2881f000 	C:\Windows\System32\WS2_32.dll
0x00007ffd1c520000 - 0x00007ffd1c553000 	C:\Windows\SYSTEM32\WINMM.dll
0x00007ffd258a0000 - 0x00007ffd258b8000 	C:\Windows\SYSTEM32\kernel.appcore.dll
0x00007ffd11b40000 - 0x00007ffd11b4a000 	C:\Program Files\Java\jdk-19\bin\jimage.dll
0x00007ffd24370000 - 0x00007ffd24591000 	C:\Windows\SYSTEM32\DBGHELP.DLL
0x00007ffd0b180000 - 0x00007ffd0b1b1000 	C:\Windows\SYSTEM32\dbgcore.DLL
0x00007ffd270f0000 - 0x00007ffd2716f000 	C:\Windows\System32\bcryptPrimitives.dll
0x00007ffd001b0000 - 0x00007ffd001d6000 	C:\Program Files\Java\jdk-19\bin\java.dll
0x00007ffcc6810000 - 0x00007ffcc68e7000 	C:\Program Files\Java\jdk-19\bin\jsvml.dll
0x00007ffd27bd0000 - 0x00007ffd28395000 	C:\Windows\System32\SHELL32.dll
0x00007ffd24890000 - 0x00007ffd250f4000 	C:\Windows\SYSTEM32\windows.storage.dll
0x00007ffd27170000 - 0x00007ffd274e6000 	C:\Windows\System32\combase.dll
0x00007ffd24720000 - 0x00007ffd24887000 	C:\Windows\SYSTEM32\wintypes.dll
0x00007ffd28480000 - 0x00007ffd2856a000 	C:\Windows\System32\SHCORE.dll
0x00007ffd28d00000 - 0x00007ffd28d5d000 	C:\Windows\System32\shlwapi.dll
0x00007ffd266e0000 - 0x00007ffd26701000 	C:\Windows\SYSTEM32\profapi.dll
0x00007ffd0cb90000 - 0x00007ffd0cba3000 	C:\Program Files\Java\jdk-19\bin\net.dll
0x00007ffd1cea0000 - 0x00007ffd1cfb3000 	C:\Windows\SYSTEM32\WINHTTP.dll
0x00007ffd25d40000 - 0x00007ffd25da7000 	C:\Windows\system32\mswsock.dll
0x00007ffd0b710000 - 0x00007ffd0b726000 	C:\Program Files\Java\jdk-19\bin\nio.dll
0x00007ffcc5380000 - 0x00007ffcc5511000 	C:\Program Files\Java\jdk-19\bin\awt.dll
0x00007ffd28620000 - 0x00007ffd286f6000 	C:\Windows\System32\OLEAUT32.dll
0x00007ffd20740000 - 0x00007ffd207d2000 	C:\Windows\SYSTEM32\apphelp.dll

dbghelp: loaded successfully - version: 4.0.5 - missing functions: none
symbol engine: initialized successfully - sym options: 0x614 - pdb path: .;C:\Program Files\Java\jdk-19\bin;C:\Windows\SYSTEM32;C:\Windows\WinSxS\amd64_microsoft.windows.common-controls_6595b64144ccf1df_6.0.22000.120_none_9d947278b86cc467;C:\Program Files\Java\jdk-19\bin\server

VM Arguments:
jvm_args: -Dfile.encoding=UTF-8 --module-path=C:\Users\HP 840 G3\Desktop\Quiz\build\classes 
java_command: quiz.application.Rules
java_class_path (initial): C:\Users\HP 840 G3\Desktop\Quiz\build\classes
Launcher Type: SUN_STANDARD

[Global flags]
     intx CICompilerCount                          = 3                                         {product} {ergonomic}
     uint ConcGCThreads                            = 1                                         {product} {ergonomic}
     uint G1ConcRefinementThreads                  = 4                                         {product} {ergonomic}
   size_t G1HeapRegionSize                         = 2097152                                   {product} {ergonomic}
    uintx GCDrainStackTargetSize                   = 64                                        {product} {ergonomic}
   size_t InitialHeapSize                          = 268435456                                 {product} {ergonomic}
   size_t MarkStackSize                            = 4194304                                   {product} {ergonomic}
   size_t MaxHeapSize                              = 4263510016                                {product} {ergonomic}
   size_t MaxNewSize                               = 2556428288                                {product} {ergonomic}
   size_t MinHeapDeltaBytes                        = 2097152                                   {product} {ergonomic}
   size_t MinHeapSize                              = 8388608                                   {product} {ergonomic}
    uintx NonNMethodCodeHeapSize                   = 5832780                                {pd product} {ergonomic}
    uintx NonProfiledCodeHeapSize                  = 122912730                              {pd product} {ergonomic}
    uintx ProfiledCodeHeapSize                     = 122912730                              {pd product} {ergonomic}
    uintx ReservedCodeCacheSize                    = 251658240                              {pd product} {ergonomic}
     bool SegmentedCodeCache                       = true                                      {product} {ergonomic}
   size_t SoftMaxHeapSize                          = 4263510016                             {manageable} {ergonomic}
     bool UseCompressedClassPointers               = true                           {product lp64_product} {ergonomic}
     bool UseCompressedOops                        = true                           {product lp64_product} {ergonomic}
     bool UseG1GC                                  = true                                      {product} {ergonomic}
     bool UseLargePagesIndividualAllocation        = false                                  {pd product} {ergonomic}

Logging:
Log output configuration:
 #0: stdout all=warning uptime,level,tags foldmultilines=false
 #1: stderr all=off uptime,level,tags foldmultilines=false

Environment Variables:
JAVA_HOME=C:\Program Files\Java\jdk-19
PATH=C:\Program Files\Common Files\Oracle\Java\javapath;C:\Windows\system32;C:\Windows;C:\Windows\System32\Wbem;C:\Windows\System32\WindowsPowerShell\v1.0\;C:\Windows\System32\OpenSSH\;C:\Program Files\Java\jdk-19\bin;C:\Program Files\Cloudflare\Cloudflare WARP\;C:\Users\HP 840 G3\AppData\Local\Programs\Python\Python311\Scripts\;C:\Users\HP 840 G3\AppData\Local\Programs\Python\Python311\;C:\Users\HP 840 G3\AppData\Local\Microsoft\WindowsApps;;C:\Users\HP 840 G3\AppData\Local\Programs\Microsoft VS Code\bin
USERNAME=HP 840 G3
OS=Windows_NT
PROCESSOR_IDENTIFIER=Intel64 Family 6 Model 78 Stepping 3, GenuineIntel
TMP=C:\Users\HP840G~1\AppData\Local\Temp
TEMP=C:\Users\HP840G~1\AppData\Local\Temp



---------------  S Y S T E M  ---------------

OS:
 Windows 11 , 64 bit Build 22000 (10.0.22000.1880)
OS uptime: 15 days 3:23 hours

CPU: total 4 (initial active 4) (2 cores per cpu, 2 threads per core) family 6 model 78 stepping 3 microcode 0xf0, cx8, cmov, fxsr, ht, mmx, 3dnowpref, sse, sse2, sse3, ssse3, sse4.1, sse4.2, popcnt, lzcnt, tsc, tscinvbit, avx, avx2, aes, erms, clmul, bmi1, bmi2, rtm, adx, fma, vzeroupper, clflush, clflushopt, rdtscp

Memory: 4k page, system-wide physical 16263M (7711M free)
TotalPageFile size 29062M (AvailPageFile size 5M)
current process WorkingSet (physical memory assigned to process): 39M, peak: 39M
current process commit charge ("private bytes"): 339M, peak: 339M

vm_info: Java HotSpot(TM) 64-Bit Server VM (19.0.2+7-44) for windows-amd64 JRE (19.0.2+7-44), built on 2022-11-30T18:02:09Z by "mach5one" with MS VC++ 17.1 (VS2022)

END.
