#
# There is insufficient memory for the Java Runtime Environment to continue.
# Native memory allocation (mmap) failed to map 65536 bytes for Failed to commit metaspace.
# Possible reasons:
#   The system is out of physical RAM or swap space
#   The process is running with CompressedOops enabled, and the Java Heap may be blocking the growth of the native heap
# Possible solutions:
#   Reduce memory load on the system
#   Increase physical memory or swap space
#   Check if swap backing store is full
#   Decrease Java heap size (-Xmx/-Xms)
#   Decrease number of Java threads
#   Decrease Java thread stack sizes (-Xss)
#   Set larger code cache with -XX:ReservedCodeCacheSize=
#   JVM is running with Zero Based Compressed Oops mode in which the Java heap is
#     placed in the first 32GB address space. The Java Heap base address is the
#     maximum limit for the native heap growth. Please use -XX:HeapBaseMinAddress
#     to set the Java Heap base and to place the Java Heap above 32GB virtual address.
# This output file may be truncated or incomplete.
#
#  Out of Memory Error (virtualSpaceNode.cpp:110), pid=11956, tid=9296
#
# JRE version: Java(TM) SE Runtime Environment (19.0.2+7) (build 19.0.2+7-44)
# Java VM: Java HotSpot(TM) 64-Bit Server VM (19.0.2+7-44, mixed mode, sharing, tiered, compressed oops, compressed class ptrs, g1 gc, windows-amd64)
# No core dump will be written. Minidumps are not enabled by default on client versions of Windows
#

---------------  S U M M A R Y ------------

Command Line: -Dfile.encoding=UTF-8 --module-path=C:\Users\HP 840 G3\Desktop\Quiz\build\classes quiz.application.Rules

Host: Intel(R) Core(TM) i5-6300U CPU @ 2.40GHz, 4 cores, 15G,  Windows 11 , 64 bit Build 22000 (10.0.22000.1880)
Time: Wed May 31 01:12:24 2023 Pakistan Standard Time elapsed time: 0.127941 seconds (0d 0h 0m 0s)

---------------  T H R E A D  ---------------

Current thread (0x0000024c6bcd9710):  JavaThread "main" [_thread_in_vm, id=9296, stack(0x000000f90d300000,0x000000f90d400000)]

Stack: [0x000000f90d300000,0x000000f90d400000]
Native frames: (J=compiled Java code, j=interpreted, Vv=VM code, C=native code)
V  [jvm.dll+0x6ee21a]
V  [jvm.dll+0x85765e]
V  [jvm.dll+0x85904e]
V  [jvm.dll+0x859703]
V  [jvm.dll+0x28298f]
V  [jvm.dll+0x8532db]
V  [jvm.dll+0x692cb6]
V  [jvm.dll+0x692d1a]
V  [jvm.dll+0x695613]
V  [jvm.dll+0x6954de]
V  [jvm.dll+0x6936de]
V  [jvm.dll+0x26e12f]
V  [jvm.dll+0x69dcc5]
V  [jvm.dll+0x21e072]
V  [jvm.dll+0x21e5a5]
V  [jvm.dll+0x21ef01]
V  [jvm.dll+0x2146a1]
V  [jvm.dll+0x5a9cb6]
V  [jvm.dll+0x2257aa]
V  [jvm.dll+0x7cc802]
V  [jvm.dll+0x7cdc4a]
V  [jvm.dll+0x7cdf78]
V  [jvm.dll+0x271e1b]
V  [jvm.dll+0x3da25e]
C  0x0000024c0755d33d

Java frames: (J=compiled Java code, j=interpreted, Vv=VM code)
j  sun.nio.cs.UTF_8.newDecoder()Ljava/nio/charset/CharsetDecoder;+0 java.base@19.0.2
j  sun.net.www.ParseUtil.decode(Ljava/lang/String;)Ljava/lang/String;+43 java.base@19.0.2
j  jdk.internal.loader.URLClassPath$FileLoader.<init>(Ljava/net/URL;)V+19 java.base@19.0.2
j  jdk.internal.loader.URLClassPath$3.run()Ljdk/internal/loader/URLClassPath$Loader;+46 java.base@19.0.2
j  jdk.internal.loader.URLClassPath$3.run()Ljava/lang/Object;+1 java.base@19.0.2
j  java.security.AccessController.executePrivileged(Ljava/security/PrivilegedExceptionAction;Ljava/security/AccessControlContext;Ljava/lang/Class;)Ljava/lang/Object;+29 java.base@19.0.2
j  java.security.AccessController.doPrivileged(Ljava/security/PrivilegedExceptionAction;Ljava/security/AccessControlContext;)Ljava/lang/Object;+13 java.base@19.0.2
j  jdk.internal.loader.URLClassPath.getLoader(Ljava/net/URL;)Ljdk/internal/loader/URLClassPath$Loader;+13 java.base@19.0.2
j  jdk.internal.loader.URLClassPath.getLoader(I)Ljdk/internal/loader/URLClassPath$Loader;+81 java.base@19.0.2
j  jdk.internal.loader.URLClassPath.getResource(Ljava/lang/String;Z)Ljdk/internal/loader/Resource;+42 java.base@19.0.2
j  jdk.internal.loader.BuiltinClassLoader.findClassOnClassPathOrNull(Ljava/lang/String;)Ljava/lang/Class;+26 java.base@19.0.2
j  jdk.internal.loader.BuiltinClassLoader.loadClassOrNull(Ljava/lang/String;Z)Ljava/lang/Class;+111 java.base@19.0.2
j  jdk.internal.loader.BuiltinClassLoader.loadClass(Ljava/lang/String;Z)Ljava/lang/Class;+3 java.base@19.0.2
j  jdk.internal.loader.ClassLoaders$AppClassLoader.loadClass(Ljava/lang/String;Z)Ljava/lang/Class;+36 java.base@19.0.2
j  java.lang.ClassLoader.loadClass(Ljava/lang/String;)Ljava/lang/Class;+3 java.base@19.0.2
v  ~StubRoutines::call_stub 0x0000024c0753100e
j  java.lang.Class.forName0(Ljava/lang/String;ZLjava/lang/ClassLoader;Ljava/lang/Class;)Ljava/lang/Class;+0 java.base@19.0.2
j  java.lang.Class.forName(Ljava/lang/String;ZLjava/lang/ClassLoader;Ljava/lang/Class;)Ljava/lang/Class;+37 java.base@19.0.2
j  java.lang.Class.forName(Ljava/lang/String;ZLjava/lang/ClassLoader;)Ljava/lang/Class;+20 java.base@19.0.2
j  sun.launcher.LauncherHelper.loadMainClass(ILjava/lang/String;)Ljava/lang/Class;+95 java.base@19.0.2
j  sun.launcher.LauncherHelper.checkAndLoadMain(ZILjava/lang/String;)Ljava/lang/Class;+42 java.base@19.0.2
v  ~StubRoutines::call_stub 0x0000024c0753100e

---------------  P R O C E S S  ---------------

Threads class SMR info:
_java_thread_list=0x0000024c7faf0d90, length=12, elements={
0x0000024c6bcd9710, 0x0000024c7f8336b0, 0x0000024c7f834380, 0x0000024c7f83c120,
0x0000024c7f83ca50, 0x0000024c7f83de60, 0x0000024c7f83ef30, 0x0000024c7f845980,
0x0000024c7f867fe0, 0x0000024c7f869290, 0x0000024c7f807280, 0x0000024c7fb22cd0
}

Java Threads: ( => current thread )
=>0x0000024c6bcd9710 JavaThread "main" [_thread_in_vm, id=9296, stack(0x000000f90d300000,0x000000f90d400000)]
  0x0000024c7f8336b0 JavaThread "Reference Handler" daemon [_thread_blocked, id=19476, stack(0x000000f90da00000,0x000000f90db00000)]
  0x0000024c7f834380 JavaThread "Finalizer" daemon [_thread_blocked, id=18384, stack(0x000000f90db00000,0x000000f90dc00000)]
  0x0000024c7f83c120 JavaThread "Signal Dispatcher" daemon [_thread_blocked, id=9500, stack(0x000000f90dc00000,0x000000f90dd00000)]
  0x0000024c7f83ca50 JavaThread "Attach Listener" daemon [_thread_blocked, id=6388, stack(0x000000f90dd00000,0x000000f90de00000)]
  0x0000024c7f83de60 JavaThread "Service Thread" daemon [_thread_blocked, id=18072, stack(0x000000f90de00000,0x000000f90df00000)]
  0x0000024c7f83ef30 JavaThread "Monitor Deflation Thread" daemon [_thread_blocked, id=17768, stack(0x000000f90df00000,0x000000f90e000000)]
  0x0000024c7f845980 JavaThread "C2 CompilerThread0" daemon [_thread_blocked, id=15724, stack(0x000000f90e000000,0x000000f90e100000)]
  0x0000024c7f867fe0 JavaThread "C1 CompilerThread0" daemon [_thread_blocked, id=7660, stack(0x000000f90e100000,0x000000f90e200000)]
  0x0000024c7f869290 JavaThread "Sweeper thread" daemon [_thread_blocked, id=19204, stack(0x000000f90e200000,0x000000f90e300000)]
  0x0000024c7f807280 JavaThread "Common-Cleaner" daemon [_thread_blocked, id=13960, stack(0x000000f90e300000,0x000000f90e400000)]
  0x0000024c7fb22cd0 JavaThread "Notification Thread" daemon [_thread_blocked, id=5568, stack(0x000000f90e400000,0x000000f90e500000)]

Other Threads:
  0x0000024c7f816bf0 VMThread "VM Thread" [stack: 0x000000f90d900000,0x000000f90da00000] [id=2640]
  0x0000024c7fb46090 WatcherThread "VM Periodic Task Thread" [stack: 0x000000f90e500000,0x000000f90e600000] [id=12352]
  0x0000024c6bd4bca0 WorkerThread "GC Thread#0" [stack: 0x000000f90d400000,0x000000f90d500000] [id=15448]
  0x0000024c6bd5cd10 ConcurrentGCThread "G1 Main Marker" [stack: 0x000000f90d500000,0x000000f90d600000] [id=14188]
  0x0000024c6bd5dee0 WorkerThread "G1 Conc#0" [stack: 0x000000f90d600000,0x000000f90d700000] [id=13788]
  0x0000024c7f6d24c0 ConcurrentGCThread "G1 Refine#0" [stack: 0x000000f90d700000,0x000000f90d800000] [id=1760]
  0x0000024c7f6d3ac0 ConcurrentGCThread "G1 Service" [stack: 0x000000f90d800000,0x000000f90d900000] [id=6656]

Threads with active compile tasks:

VM state: not at safepoint (normal execution)

VM Mutex/Monitor currently owned by a thread:  ([mutex/lock_event])
[0x0000024c6bcd3c20] Metaspace_lock - owner thread: 0x0000024c6bcd9710

Heap address: 0x0000000701e00000, size: 4066 MB, Compressed Oops mode: Zero based, Oop shift amount: 3

CDS archive(s) mapped at: [0x0000000800000000-0x0000000800c40000-0x0000000800c40000), size 12845056, SharedBaseAddress: 0x0000000800000000, ArchiveRelocationMode: 0.
Compressed class space mapped at: 0x0000000801000000-0x0000000841000000, reserved size: 1073741824
Narrow klass base: 0x0000000800000000, Narrow klass shift: 0, Narrow klass range: 0x100000000

GC Precious Log:
 CardTable entry size: 512
 Card Set container configuration: InlinePtr #cards 4 size 8 Array Of Cards #cards 16 size 48 Howl #buckets 8 coarsen threshold 3686 Howl Bitmap #cards 512 size 80 coarsen threshold 460 Card regions per heap region 1 cards per card region 4096
 CPUs: 4 total, 4 available
 Memory: 16263M
 Large Page Support: Disabled
 NUMA Support: Disabled
 Compressed Oops: Enabled (Zero based)
 Heap Region Size: 2M
 Heap Min Capacity: 8M
 Heap Initial Capacity: 256M
 Heap Max Capacity: 4066M
 Pre-touch: Disabled
 Parallel Workers: 4
 Concurrent Workers: 1
 Concurrent Refinement Workers: 4
 Periodic GC: Disabled

Heap:
 garbage-first heap   total 262144K, used 2048K [0x0000000701e00000, 0x0000000800000000)
  region size 2048K, 2 young (4096K), 0 survivors (0K)
 Metaspace       used 343K, committed 512K, reserved 1114112K
  class space    used 21K, committed 128K, reserved 1048576K

Heap Regions: E=young(eden), S=young(survivor), O=old, HS=humongous(starts), HC=humongous(continues), CS=collection set, F=free, OA=open archive, CA=closed archive, TAMS=top-at-mark-start (previous, next)
|   0|0x0000000701e00000, 0x0000000701e00000, 0x0000000702000000|  0%| F|  |TAMS 0x0000000701e00000, 0x0000000701e00000| Untracked 
|   1|0x0000000702000000, 0x0000000702000000, 0x0000000702200000|  0%| F|  |TAMS 0x0000000702000000, 0x0000000702000000| Untracked 
|   2|0x0000000702200000, 0x0000000702200000, 0x0000000702400000|  0%| F|  |TAMS 0x0000000702200000, 0x0000000702200000| Untracked 
|   3|0x0000000702400000, 0x0000000702400000, 0x0000000702600000|  0%| F|  |TAMS 0x0000000702400000, 0x0000000702400000| Untracked 
|   4|0x0000000702600000, 0x0000000702600000, 0x0000000702800000|  0%| F|  |TAMS 0x0000000702600000, 0x0000000702600000| Untracked 
|   5|0x0000000702800000, 0x0000000702800000, 0x0000000702a00000|  0%| F|  |TAMS 0x0000000702800000, 0x0000000702800000| Untracked 
|   6|0x0000000702a00000, 0x0000000702a00000, 0x0000000702c00000|  0%| F|  |TAMS 0x0000000702a00000, 0x0000000702a00000| Untracked 
|   7|0x0000000702c00000, 0x0000000702c00000, 0x0000000702e00000|  0%| F|  |TAMS 0x0000000702c00000, 0x0000000702c00000| Untracked 
|   8|0x0000000702e00000, 0x0000000702e00000, 0x0000000703000000|  0%| F|  |TAMS 0x0000000702e00000, 0x0000000702e00000| Untracked 
|   9|0x0000000703000000, 0x0000000703000000, 0x0000000703200000|  0%| F|  |TAMS 0x0000000703000000, 0x0000000703000000| Untracked 
|  10|0x0000000703200000, 0x0000000703200000, 0x0000000703400000|  0%| F|  |TAMS 0x0000000703200000, 0x0000000703200000| Untracked 
|  11|0x0000000703400000, 0x0000000703400000, 0x0000000703600000|  0%| F|  |TAMS 0x0000000703400000, 0x0000000703400000| Untracked 
|  12|0x0000000703600000, 0x0000000703600000, 0x0000000703800000|  0%| F|  |TAMS 0x0000000703600000, 0x0000000703600000| Untracked 
|  13|0x0000000703800000, 0x0000000703800000, 0x0000000703a00000|  0%| F|  |TAMS 0x0000000703800000, 0x0000000703800000| Untracked 
|  14|0x0000000703a00000, 0x0000000703a00000, 0x0000000703c00000|  0%| F|  |TAMS 0x0000000703a00000, 0x0000000703a00000| Untracked 
|  15|0x0000000703c00000, 0x0000000703c00000, 0x0000000703e00000|  0%| F|  |TAMS 0x0000000703c00000, 0x0000000703c00000| Untracked 
|  16|0x0000000703e00000, 0x0000000703e00000, 0x0000000704000000|  0%| F|  |TAMS 0x0000000703e00000, 0x0000000703e00000| Untracked 
|  17|0x0000000704000000, 0x0000000704000000, 0x0000000704200000|  0%| F|  |TAMS 0x0000000704000000, 0x0000000704000000| Untracked 
|  18|0x0000000704200000, 0x0000000704200000, 0x0000000704400000|  0%| F|  |TAMS 0x0000000704200000, 0x0000000704200000| Untracked 
|  19|0x0000000704400000, 0x0000000704400000, 0x0000000704600000|  0%| F|  |TAMS 0x0000000704400000, 0x0000000704400000| Untracked 
|  20|0x0000000704600000, 0x0000000704600000, 0x0000000704800000|  0%| F|  |TAMS 0x0000000704600000, 0x0000000704600000| Untracked 
|  21|0x0000000704800000, 0x0000000704800000, 0x0000000704a00000|  0%| F|  |TAMS 0x0000000704800000, 0x0000000704800000| Untracked 
|  22|0x0000000704a00000, 0x0000000704a00000, 0x0000000704c00000|  0%| F|  |TAMS 0x0000000704a00000, 0x0000000704a00000| Untracked 
|  23|0x0000000704c00000, 0x0000000704c00000, 0x0000000704e00000|  0%| F|  |TAMS 0x0000000704c00000, 0x0000000704c00000| Untracked 
|  24|0x0000000704e00000, 0x0000000704e00000, 0x0000000705000000|  0%| F|  |TAMS 0x0000000704e00000, 0x0000000704e00000| Untracked 
|  25|0x0000000705000000, 0x0000000705000000, 0x0000000705200000|  0%| F|  |TAMS 0x0000000705000000, 0x0000000705000000| Untracked 
|  26|0x0000000705200000, 0x0000000705200000, 0x0000000705400000|  0%| F|  |TAMS 0x0000000705200000, 0x0000000705200000| Untracked 
|  27|0x0000000705400000, 0x0000000705400000, 0x0000000705600000|  0%| F|  |TAMS 0x0000000705400000, 0x0000000705400000| Untracked 
|  28|0x0000000705600000, 0x0000000705600000, 0x0000000705800000|  0%| F|  |TAMS 0x0000000705600000, 0x0000000705600000| Untracked 
|  29|0x0000000705800000, 0x0000000705800000, 0x0000000705a00000|  0%| F|  |TAMS 0x0000000705800000, 0x0000000705800000| Untracked 
|  30|0x0000000705a00000, 0x0000000705a00000, 0x0000000705c00000|  0%| F|  |TAMS 0x0000000705a00000, 0x0000000705a00000| Untracked 
|  31|0x0000000705c00000, 0x0000000705c00000, 0x0000000705e00000|  0%| F|  |TAMS 0x0000000705c00000, 0x0000000705c00000| Untracked 
|  32|0x0000000705e00000, 0x0000000705e00000, 0x0000000706000000|  0%| F|  |TAMS 0x0000000705e00000, 0x0000000705e00000| Untracked 
|  33|0x0000000706000000, 0x0000000706000000, 0x0000000706200000|  0%| F|  |TAMS 0x0000000706000000, 0x0000000706000000| Untracked 
|  34|0x0000000706200000, 0x0000000706200000, 0x0000000706400000|  0%| F|  |TAMS 0x0000000706200000, 0x0000000706200000| Untracked 
|  35|0x0000000706400000, 0x0000000706400000, 0x0000000706600000|  0%| F|  |TAMS 0x0000000706400000, 0x0000000706400000| Untracked 
|  36|0x0000000706600000, 0x0000000706600000, 0x0000000706800000|  0%| F|  |TAMS 0x0000000706600000, 0x0000000706600000| Untracked 
|  37|0x0000000706800000, 0x0000000706800000, 0x0000000706a00000|  0%| F|  |TAMS 0x0000000706800000, 0x0000000706800000| Untracked 
|  38|0x0000000706a00000, 0x0000000706a00000, 0x0000000706c00000|  0%| F|  |TAMS 0x0000000706a00000, 0x0000000706a00000| Untracked 
|  39|0x0000000706c00000, 0x0000000706c00000, 0x0000000706e00000|  0%| F|  |TAMS 0x0000000706c00000, 0x0000000706c00000| Untracked 
|  40|0x0000000706e00000, 0x0000000706e00000, 0x0000000707000000|  0%| F|  |TAMS 0x0000000706e00000, 0x0000000706e00000| Untracked 
|  41|0x0000000707000000, 0x0000000707000000, 0x0000000707200000|  0%| F|  |TAMS 0x0000000707000000, 0x0000000707000000| Untracked 
|  42|0x0000000707200000, 0x0000000707200000, 0x0000000707400000|  0%| F|  |TAMS 0x0000000707200000, 0x0000000707200000| Untracked 
|  43|0x0000000707400000, 0x0000000707400000, 0x0000000707600000|  0%| F|  |TAMS 0x0000000707400000, 0x0000000707400000| Untracked 
|  44|0x0000000707600000, 0x0000000707600000, 0x0000000707800000|  0%| F|  |TAMS 0x0000000707600000, 0x0000000707600000| Untracked 
|  45|0x0000000707800000, 0x0000000707800000, 0x0000000707a00000|  0%| F|  |TAMS 0x0000000707800000, 0x0000000707800000| Untracked 
|  46|0x0000000707a00000, 0x0000000707a00000, 0x0000000707c00000|  0%| F|  |TAMS 0x0000000707a00000, 0x0000000707a00000| Untracked 
|  47|0x0000000707c00000, 0x0000000707c00000, 0x0000000707e00000|  0%| F|  |TAMS 0x0000000707c00000, 0x0000000707c00000| Untracked 
|  48|0x0000000707e00000, 0x0000000707e00000, 0x0000000708000000|  0%| F|  |TAMS 0x0000000707e00000, 0x0000000707e00000| Untracked 
|  49|0x0000000708000000, 0x0000000708000000, 0x0000000708200000|  0%| F|  |TAMS 0x0000000708000000, 0x0000000708000000| Untracked 
|  50|0x0000000708200000, 0x0000000708200000, 0x0000000708400000|  0%| F|  |TAMS 0x0000000708200000, 0x0000000708200000| Untracked 
|  51|0x0000000708400000, 0x0000000708400000, 0x0000000708600000|  0%| F|  |TAMS 0x0000000708400000, 0x0000000708400000| Untracked 
|  52|0x0000000708600000, 0x0000000708600000, 0x0000000708800000|  0%| F|  |TAMS 0x0000000708600000, 0x0000000708600000| Untracked 
|  53|0x0000000708800000, 0x0000000708800000, 0x0000000708a00000|  0%| F|  |TAMS 0x0000000708800000, 0x0000000708800000| Untracked 
|  54|0x0000000708a00000, 0x0000000708a00000, 0x0000000708c00000|  0%| F|  |TAMS 0x0000000708a00000, 0x0000000708a00000| Untracked 
|  55|0x0000000708c00000, 0x0000000708c00000, 0x0000000708e00000|  0%| F|  |TAMS 0x0000000708c00000, 0x0000000708c00000| Untracked 
|  56|0x0000000708e00000, 0x0000000708e00000, 0x0000000709000000|  0%| F|  |TAMS 0x0000000708e00000, 0x0000000708e00000| Untracked 
|  57|0x0000000709000000, 0x0000000709000000, 0x0000000709200000|  0%| F|  |TAMS 0x0000000709000000, 0x0000000709000000| Untracked 
|  58|0x0000000709200000, 0x0000000709200000, 0x0000000709400000|  0%| F|  |TAMS 0x0000000709200000, 0x0000000709200000| Untracked 
|  59|0x0000000709400000, 0x0000000709400000, 0x0000000709600000|  0%| F|  |TAMS 0x0000000709400000, 0x0000000709400000| Untracked 
|  60|0x0000000709600000, 0x0000000709600000, 0x0000000709800000|  0%| F|  |TAMS 0x0000000709600000, 0x0000000709600000| Untracked 
|  61|0x0000000709800000, 0x0000000709800000, 0x0000000709a00000|  0%| F|  |TAMS 0x0000000709800000, 0x0000000709800000| Untracked 
|  62|0x0000000709a00000, 0x0000000709a00000, 0x0000000709c00000|  0%| F|  |TAMS 0x0000000709a00000, 0x0000000709a00000| Untracked 
|  63|0x0000000709c00000, 0x0000000709c00000, 0x0000000709e00000|  0%| F|  |TAMS 0x0000000709c00000, 0x0000000709c00000| Untracked 
|  64|0x0000000709e00000, 0x0000000709e00000, 0x000000070a000000|  0%| F|  |TAMS 0x0000000709e00000, 0x0000000709e00000| Untracked 
|  65|0x000000070a000000, 0x000000070a000000, 0x000000070a200000|  0%| F|  |TAMS 0x000000070a000000, 0x000000070a000000| Untracked 
|  66|0x000000070a200000, 0x000000070a200000, 0x000000070a400000|  0%| F|  |TAMS 0x000000070a200000, 0x000000070a200000| Untracked 
|  67|0x000000070a400000, 0x000000070a400000, 0x000000070a600000|  0%| F|  |TAMS 0x000000070a400000, 0x000000070a400000| Untracked 
|  68|0x000000070a600000, 0x000000070a600000, 0x000000070a800000|  0%| F|  |TAMS 0x000000070a600000, 0x000000070a600000| Untracked 
|  69|0x000000070a800000, 0x000000070a800000, 0x000000070aa00000|  0%| F|  |TAMS 0x000000070a800000, 0x000000070a800000| Untracked 
|  70|0x000000070aa00000, 0x000000070aa00000, 0x000000070ac00000|  0%| F|  |TAMS 0x000000070aa00000, 0x000000070aa00000| Untracked 
|  71|0x000000070ac00000, 0x000000070ac00000, 0x000000070ae00000|  0%| F|  |TAMS 0x000000070ac00000, 0x000000070ac00000| Untracked 
|  72|0x000000070ae00000, 0x000000070ae00000, 0x000000070b000000|  0%| F|  |TAMS 0x000000070ae00000, 0x000000070ae00000| Untracked 
|  73|0x000000070b000000, 0x000000070b000000, 0x000000070b200000|  0%| F|  |TAMS 0x000000070b000000, 0x000000070b000000| Untracked 
|  74|0x000000070b200000, 0x000000070b200000, 0x000000070b400000|  0%| F|  |TAMS 0x000000070b200000, 0x000000070b200000| Untracked 
|  75|0x000000070b400000, 0x000000070b400000, 0x000000070b600000|  0%| F|  |TAMS 0x000000070b400000, 0x000000070b400000| Untracked 
|  76|0x000000070b600000, 0x000000070b600000, 0x000000070b800000|  0%| F|  |TAMS 0x000000070b600000, 0x000000070b600000| Untracked 
|  77|0x000000070b800000, 0x000000070b800000, 0x000000070ba00000|  0%| F|  |TAMS 0x000000070b800000, 0x000000070b800000| Untracked 
|  78|0x000000070ba00000, 0x000000070ba00000, 0x000000070bc00000|  0%| F|  |TAMS 0x000000070ba00000, 0x000000070ba00000| Untracked 
|  79|0x000000070bc00000, 0x000000070bc00000, 0x000000070be00000|  0%| F|  |TAMS 0x000000070bc00000, 0x000000070bc00000| Untracked 
|  80|0x000000070be00000, 0x000000070be00000, 0x000000070c000000|  0%| F|  |TAMS 0x000000070be00000, 0x000000070be00000| Untracked 
|  81|0x000000070c000000, 0x000000070c000000, 0x000000070c200000|  0%| F|  |TAMS 0x000000070c000000, 0x000000070c000000| Untracked 
|  82|0x000000070c200000, 0x000000070c200000, 0x000000070c400000|  0%| F|  |TAMS 0x000000070c200000, 0x000000070c200000| Untracked 
|  83|0x000000070c400000, 0x000000070c400000, 0x000000070c600000|  0%| F|  |TAMS 0x000000070c400000, 0x000000070c400000| Untracked 
|  84|0x000000070c600000, 0x000000070c600000, 0x000000070c800000|  0%| F|  |TAMS 0x000000070c600000, 0x000000070c600000| Untracked 
|  85|0x000000070c800000, 0x000000070c800000, 0x000000070ca00000|  0%| F|  |TAMS 0x000000070c800000, 0x000000070c800000| Untracked 
|  86|0x000000070ca00000, 0x000000070ca00000, 0x000000070cc00000|  0%| F|  |TAMS 0x000000070ca00000, 0x000000070ca00000| Untracked 
|  87|0x000000070cc00000, 0x000000070cc00000, 0x000000070ce00000|  0%| F|  |TAMS 0x000000070cc00000, 0x000000070cc00000| Untracked 
|  88|0x000000070ce00000, 0x000000070ce00000, 0x000000070d000000|  0%| F|  |TAMS 0x000000070ce00000, 0x000000070ce00000| Untracked 
|  89|0x000000070d000000, 0x000000070d000000, 0x000000070d200000|  0%| F|  |TAMS 0x000000070d000000, 0x000000070d000000| Untracked 
|  90|0x000000070d200000, 0x000000070d200000, 0x000000070d400000|  0%| F|  |TAMS 0x000000070d200000, 0x000000070d200000| Untracked 
|  91|0x000000070d400000, 0x000000070d400000, 0x000000070d600000|  0%| F|  |TAMS 0x000000070d400000, 0x000000070d400000| Untracked 
|  92|0x000000070d600000, 0x000000070d600000, 0x000000070d800000|  0%| F|  |TAMS 0x000000070d600000, 0x000000070d600000| Untracked 
|  93|0x000000070d800000, 0x000000070d800000, 0x000000070da00000|  0%| F|  |TAMS 0x000000070d800000, 0x000000070d800000| Untracked 
|  94|0x000000070da00000, 0x000000070da00000, 0x000000070dc00000|  0%| F|  |TAMS 0x000000070da00000, 0x000000070da00000| Untracked 
|  95|0x000000070dc00000, 0x000000070dc00000, 0x000000070de00000|  0%| F|  |TAMS 0x000000070dc00000, 0x000000070dc00000| Untracked 
|  96|0x000000070de00000, 0x000000070de00000, 0x000000070e000000|  0%| F|  |TAMS 0x000000070de00000, 0x000000070de00000| Untracked 
|  97|0x000000070e000000, 0x000000070e000000, 0x000000070e200000|  0%| F|  |TAMS 0x000000070e000000, 0x000000070e000000| Untracked 
|  98|0x000000070e200000, 0x000000070e200000, 0x000000070e400000|  0%| F|  |TAMS 0x000000070e200000, 0x000000070e200000| Untracked 
|  99|0x000000070e400000, 0x000000070e400000, 0x000000070e600000|  0%| F|  |TAMS 0x000000070e400000, 0x000000070e400000| Untracked 
| 100|0x000000070e600000, 0x000000070e600000, 0x000000070e800000|  0%| F|  |TAMS 0x000000070e600000, 0x000000070e600000| Untracked 
| 101|0x000000070e800000, 0x000000070e800000, 0x000000070ea00000|  0%| F|  |TAMS 0x000000070e800000, 0x000000070e800000| Untracked 
| 102|0x000000070ea00000, 0x000000070ea00000, 0x000000070ec00000|  0%| F|  |TAMS 0x000000070ea00000, 0x000000070ea00000| Untracked 
| 103|0x000000070ec00000, 0x000000070ec00000, 0x000000070ee00000|  0%| F|  |TAMS 0x000000070ec00000, 0x000000070ec00000| Untracked 
| 104|0x000000070ee00000, 0x000000070ee00000, 0x000000070f000000|  0%| F|  |TAMS 0x000000070ee00000, 0x000000070ee00000| Untracked 
| 105|0x000000070f000000, 0x000000070f000000, 0x000000070f200000|  0%| F|  |TAMS 0x000000070f000000, 0x000000070f000000| Untracked 
| 106|0x000000070f200000, 0x000000070f200000, 0x000000070f400000|  0%| F|  |TAMS 0x000000070f200000, 0x000000070f200000| Untracked 
| 107|0x000000070f400000, 0x000000070f400000, 0x000000070f600000|  0%| F|  |TAMS 0x000000070f400000, 0x000000070f400000| Untracked 
| 108|0x000000070f600000, 0x000000070f600000, 0x000000070f800000|  0%| F|  |TAMS 0x000000070f600000, 0x000000070f600000| Untracked 
| 109|0x000000070f800000, 0x000000070f800000, 0x000000070fa00000|  0%| F|  |TAMS 0x000000070f800000, 0x000000070f800000| Untracked 
| 110|0x000000070fa00000, 0x000000070fa00000, 0x000000070fc00000|  0%| F|  |TAMS 0x000000070fa00000, 0x000000070fa00000| Untracked 
| 111|0x000000070fc00000, 0x000000070fc00000, 0x000000070fe00000|  0%| F|  |TAMS 0x000000070fc00000, 0x000000070fc00000| Untracked 
| 112|0x000000070fe00000, 0x000000070fe00000, 0x0000000710000000|  0%| F|  |TAMS 0x000000070fe00000, 0x000000070fe00000| Untracked 
| 113|0x0000000710000000, 0x0000000710000000, 0x0000000710200000|  0%| F|  |TAMS 0x0000000710000000, 0x0000000710000000| Untracked 
| 114|0x0000000710200000, 0x0000000710200000, 0x0000000710400000|  0%| F|  |TAMS 0x0000000710200000, 0x0000000710200000| Untracked 
| 115|0x0000000710400000, 0x0000000710400000, 0x0000000710600000|  0%| F|  |TAMS 0x0000000710400000, 0x0000000710400000| Untracked 
| 116|0x0000000710600000, 0x0000000710600000, 0x0000000710800000|  0%| F|  |TAMS 0x0000000710600000, 0x0000000710600000| Untracked 
| 117|0x0000000710800000, 0x0000000710800000, 0x0000000710a00000|  0%| F|  |TAMS 0x0000000710800000, 0x0000000710800000| Untracked 
| 118|0x0000000710a00000, 0x0000000710a00000, 0x0000000710c00000|  0%| F|  |TAMS 0x0000000710a00000, 0x0000000710a00000| Untracked 
| 119|0x0000000710c00000, 0x0000000710c00000, 0x0000000710e00000|  0%| F|  |TAMS 0x0000000710c00000, 0x0000000710c00000| Untracked 
| 120|0x0000000710e00000, 0x0000000710e00000, 0x0000000711000000|  0%| F|  |TAMS 0x0000000710e00000, 0x0000000710e00000| Untracked 
| 121|0x0000000711000000, 0x0000000711000000, 0x0000000711200000|  0%| F|  |TAMS 0x0000000711000000, 0x0000000711000000| Untracked 
| 122|0x0000000711200000, 0x0000000711200000, 0x0000000711400000|  0%| F|  |TAMS 0x0000000711200000, 0x0000000711200000| Untracked 
| 123|0x0000000711400000, 0x0000000711400000, 0x0000000711600000|  0%| F|  |TAMS 0x0000000711400000, 0x0000000711400000| Untracked 
| 124|0x0000000711600000, 0x0000000711600000, 0x0000000711800000|  0%| F|  |TAMS 0x0000000711600000, 0x0000000711600000| Untracked 
| 125|0x0000000711800000, 0x0000000711800000, 0x0000000711a00000|  0%| F|  |TAMS 0x0000000711800000, 0x0000000711800000| Untracked 
| 126|0x0000000711a00000, 0x0000000711a3df28, 0x0000000711c00000| 12%| E|  |TAMS 0x0000000711a00000, 0x0000000711a00000| Complete 
| 127|0x0000000711c00000, 0x0000000711e00000, 0x0000000711e00000|100%| E|CS|TAMS 0x0000000711c00000, 0x0000000711c00000| Complete 

Card table byte_map: [0x0000024c74450000,0x0000024c74c50000] _byte_map_base: 0x0000024c70c41000

Marking Bits (Prev, Next): (CMBitMap*) 0x0000024c6bd4c2d0, (CMBitMap*) 0x0000024c6bd4c310
 Prev Bits: [0x0000024c75450000, 0x0000024c793d8000)
 Next Bits: [0x0000024c793e0000, 0x0000024c7d368000)

Polling page: 0x0000024c69c40000

Metaspace:

Usage:
  Non-class:    322.39 KB used.
      Class:     21.23 KB used.
       Both:    343.62 KB used.

Virtual space:
  Non-class space:       64.00 MB reserved,     384.00 KB ( <1%) committed,  1 nodes.
      Class space:        1.00 GB reserved,     128.00 KB ( <1%) committed,  1 nodes.
             Both:        1.06 GB reserved,     512.00 KB ( <1%) committed. 

Chunk freelists:
   Non-Class:  4.00 MB
       Class:  3.75 MB
        Both:  7.74 MB

MaxMetaspaceSize: unlimited
CompressedClassSpaceSize: 1.00 GB
Initial GC threshold: 21.00 MB
Current GC threshold: 21.00 MB
CDS: on
MetaspaceReclaimPolicy: balanced
 - commit_granule_bytes: 65536.
 - commit_granule_words: 8192.
 - virtual_space_node_default_size: 8388608.
 - enlarge_chunks_in_place: 1.
 - new_chunks_are_fully_committed: 0.
 - uncommit_free_chunks: 1.
 - use_allocation_guard: 0.


Internal statistics:

num_allocs_failed_limit: 0.
num_arena_births: 6.
num_arena_deaths: 0.
num_vsnodes_births: 2.
num_vsnodes_deaths: 0.
num_space_committed: 8.
num_space_uncommitted: 0.
num_chunks_returned_to_freelist: 0.
num_chunks_taken_from_freelist: 7.
num_chunk_merges: 0.
num_chunk_splits: 4.
num_chunks_enlarged: 2.
num_inconsistent_stats: 0.

CodeHeap 'non-profiled nmethods': size=120000Kb used=65Kb max_used=65Kb free=119934Kb
 bounds [0x0000024c07ad0000, 0x0000024c07d40000, 0x0000024c0f000000]
CodeHeap 'profiled nmethods': size=120000Kb used=189Kb max_used=189Kb free=119811Kb
 bounds [0x0000024c00000000, 0x0000024c00270000, 0x0000024c07530000]
CodeHeap 'non-nmethods': size=5760Kb used=1184Kb max_used=1203Kb free=4575Kb
 bounds [0x0000024c07530000, 0x0000024c077a0000, 0x0000024c07ad0000]
 total_blobs=562 nmethods=186 adapters=287
 compilation: enabled
              stopped_count=0, restarted_count=0
 full_count=0

Compilation events (20 events):
Event: 0.119 Thread 0x0000024c7f867fe0  177       3       java.lang.AbstractStringBuilder::isLatin1 (19 bytes)
Event: 0.120 Thread 0x0000024c7f867fe0 nmethod 177 0x0000024c0002dc90 code [0x0000024c0002de20, 0x0000024c0002df98]
Event: 0.120 Thread 0x0000024c7f867fe0  178       1       java.lang.module.ModuleDescriptor$Version::toString (5 bytes)
Event: 0.120 Thread 0x0000024c7f867fe0 nmethod 178 0x0000024c07addb10 code [0x0000024c07addca0, 0x0000024c07addd78]
Event: 0.120 Thread 0x0000024c7f867fe0  179       3       java.util.AbstractMap::<init> (5 bytes)
Event: 0.120 Thread 0x0000024c7f867fe0 nmethod 179 0x0000024c0002e010 code [0x0000024c0002e1c0, 0x0000024c0002e318]
Event: 0.120 Thread 0x0000024c7f867fe0  180       3       java.lang.module.ResolvedModule::name (11 bytes)
Event: 0.120 Thread 0x0000024c7f867fe0 nmethod 180 0x0000024c0002e410 code [0x0000024c0002e5c0, 0x0000024c0002e738]
Event: 0.120 Thread 0x0000024c7f867fe0  181       3       java.util.HashSet::<init> (16 bytes)
Event: 0.121 Thread 0x0000024c7f867fe0 nmethod 181 0x0000024c0002e810 code [0x0000024c0002e9e0, 0x0000024c0002edf8]
Event: 0.121 Thread 0x0000024c7f867fe0  182       3       java.util.HashMap::<init> (11 bytes)
Event: 0.121 Thread 0x0000024c7f867fe0 nmethod 182 0x0000024c0002ef90 code [0x0000024c0002f140, 0x0000024c0002f318]
Event: 0.122 Thread 0x0000024c7f867fe0  183       1       java.lang.module.ResolvedModule::configuration (5 bytes)
Event: 0.122 Thread 0x0000024c7f867fe0 nmethod 183 0x0000024c07adde10 code [0x0000024c07addfa0, 0x0000024c07ade078]
Event: 0.122 Thread 0x0000024c7f867fe0  184       1       java.lang.module.ModuleDescriptor::isOpen (5 bytes)
Event: 0.122 Thread 0x0000024c7f867fe0 nmethod 184 0x0000024c07ade110 code [0x0000024c07ade2a0, 0x0000024c07ade378]
Event: 0.122 Thread 0x0000024c7f867fe0  185       1       java.util.HashMap::size (5 bytes)
Event: 0.122 Thread 0x0000024c7f867fe0 nmethod 185 0x0000024c07ade410 code [0x0000024c07ade5a0, 0x0000024c07ade658]
Event: 0.122 Thread 0x0000024c7f867fe0  186       1       java.lang.module.ModuleDescriptor$Provides::service (5 bytes)
Event: 0.122 Thread 0x0000024c7f867fe0 nmethod 186 0x0000024c07ade710 code [0x0000024c07ade8a0, 0x0000024c07ade978]

GC Heap History (0 events):
No events

Dll operation events (4 events):
Event: 0.009 Loaded shared library C:\Program Files\Java\jdk-19\bin\java.dll
Event: 0.023 Loaded shared library C:\Program Files\Java\jdk-19\bin\jsvml.dll
Event: 0.096 Loaded shared library C:\Program Files\Java\jdk-19\bin\net.dll
Event: 0.099 Loaded shared library C:\Program Files\Java\jdk-19\bin\nio.dll

Deoptimization events (0 events):
No events

Classes loaded (20 events):
Event: 0.101 Loading class java/io/IOException done
Event: 0.101 Loading class java/nio/file/FileSystemException done
Event: 0.101 Loading class java/nio/file/NoSuchFileException done
Event: 0.101 Loading class java/nio/file/Files$AcceptAllFilter
Event: 0.101 Loading class java/nio/file/DirectoryStream$Filter
Event: 0.102 Loading class java/nio/file/DirectoryStream$Filter done
Event: 0.102 Loading class java/nio/file/Files$AcceptAllFilter done
Event: 0.102 Loading class sun/nio/fs/WindowsDirectoryStream$WindowsDirectoryIterator
Event: 0.102 Loading class sun/nio/fs/WindowsDirectoryStream$WindowsDirectoryIterator done
Event: 0.102 Loading class sun/nio/fs/WindowsPath$WindowsPathWithAttributes
Event: 0.102 Loading class sun/nio/fs/BasicFileAttributesHolder
Event: 0.102 Loading class sun/nio/fs/BasicFileAttributesHolder done
Event: 0.102 Loading class sun/nio/fs/WindowsPath$WindowsPathWithAttributes done
Event: 0.104 Loading class java/nio/file/attribute/FileAttribute
Event: 0.104 Loading class java/nio/file/attribute/FileAttribute done
Event: 0.104 Loading class sun/nio/fs/WindowsSecurityDescriptor
Event: 0.104 Loading class sun/nio/fs/WindowsSecurityDescriptor done
Event: 0.125 Loading class jdk/internal/loader/URLClassPath$FileLoader
Event: 0.125 Loading class jdk/internal/loader/URLClassPath$FileLoader done
Event: 0.125 Loading class sun/nio/cs/UTF_8$Decoder

Classes unloaded (0 events):
No events

Classes redefined (0 events):
No events

Internal exceptions (4 events):
Event: 0.101 Thread 0x0000024c6bcd9710 Exception <a 'sun/nio/fs/WindowsException'{0x0000000711db04d0}> (0x0000000711db04d0) 
thrown [s\open\src\hotspot\share\prims\jni.cpp, line 517]
Event: 0.101 Thread 0x0000024c6bcd9710 Exception <a 'sun/nio/fs/WindowsException'{0x0000000711db0980}> (0x0000000711db0980) 
thrown [s\open\src\hotspot\share\prims\jni.cpp, line 517]
Event: 0.104 Thread 0x0000024c6bcd9710 Exception <a 'sun/nio/fs/WindowsException'{0x0000000711db2950}> (0x0000000711db2950) 
thrown [s\open\src\hotspot\share\prims\jni.cpp, line 517]
Event: 0.104 Thread 0x0000024c6bcd9710 Exception <a 'sun/nio/fs/WindowsException'{0x0000000711db32c8}> (0x0000000711db32c8) 
thrown [s\open\src\hotspot\share\prims\jni.cpp, line 517]

VM Operations (2 events):
Event: 0.106 Executing VM operation: HandshakeAllThreads
Event: 0.106 Executing VM operation: HandshakeAllThreads done

Events (12 events):
Event: 0.024 Thread 0x0000024c6bcd9710 Thread added: 0x0000024c6bcd9710
Event: 0.043 Thread 0x0000024c7f8336b0 Thread added: 0x0000024c7f8336b0
Event: 0.043 Thread 0x0000024c7f834380 Thread added: 0x0000024c7f834380
Event: 0.043 Thread 0x0000024c7f83c120 Thread added: 0x0000024c7f83c120
Event: 0.043 Thread 0x0000024c7f83ca50 Thread added: 0x0000024c7f83ca50
Event: 0.043 Thread 0x0000024c7f83de60 Thread added: 0x0000024c7f83de60
Event: 0.043 Thread 0x0000024c7f83ef30 Thread added: 0x0000024c7f83ef30
Event: 0.044 Thread 0x0000024c7f845980 Thread added: 0x0000024c7f845980
Event: 0.044 Thread 0x0000024c7f867fe0 Thread added: 0x0000024c7f867fe0
Event: 0.044 Thread 0x0000024c7f869290 Thread added: 0x0000024c7f869290
Event: 0.076 Thread 0x0000024c7f807280 Thread added: 0x0000024c7f807280
Event: 0.123 Thread 0x0000024c7fb22cd0 Thread added: 0x0000024c7fb22cd0


Dynamic libraries:
0x00007ff6050c0000 - 0x00007ff6050d0000 	C:\Program Files\Java\jdk-19\bin\java.exe
0x00007ffd29300000 - 0x00007ffd29509000 	C:\Windows\SYSTEM32\ntdll.dll
0x00007ffd28850000 - 0x00007ffd2890e000 	C:\Windows\System32\KERNEL32.DLL
0x00007ffd26820000 - 0x00007ffd26ba4000 	C:\Windows\System32\KERNELBASE.dll
0x00007ffd26f10000 - 0x00007ffd27021000 	C:\Windows\System32\ucrtbase.dll
0x00007ffd13c30000 - 0x00007ffd13c4b000 	C:\Program Files\Java\jdk-19\bin\VCRUNTIME140.dll
0x00007ffd1fae0000 - 0x00007ffd1faf8000 	C:\Program Files\Java\jdk-19\bin\jli.dll
0x00007ffd28570000 - 0x00007ffd2861f000 	C:\Windows\System32\ADVAPI32.dll
0x00007ffd283a0000 - 0x00007ffd28443000 	C:\Windows\System32\msvcrt.dll
0x00007ffd28e90000 - 0x00007ffd28f2e000 	C:\Windows\System32\sechost.dll
0x00007ffd27610000 - 0x00007ffd27731000 	C:\Windows\System32\RPCRT4.dll
0x00007ffd29040000 - 0x00007ffd291ed000 	C:\Windows\System32\USER32.dll
0x00007ffd26bb0000 - 0x00007ffd26bd6000 	C:\Windows\System32\win32u.dll
0x00007ffd28820000 - 0x00007ffd2884a000 	C:\Windows\System32\GDI32.dll
0x00007ffd26df0000 - 0x00007ffd26f0f000 	C:\Windows\System32\gdi32full.dll
0x00007ffd26d50000 - 0x00007ffd26ded000 	C:\Windows\System32\msvcp_win.dll
0x00007ffd103b0000 - 0x00007ffd10655000 	C:\Windows\WinSxS\amd64_microsoft.windows.common-controls_6595b64144ccf1df_6.0.22000.120_none_9d947278b86cc467\COMCTL32.dll
0x00007ffd164c0000 - 0x00007ffd164ca000 	C:\Windows\SYSTEM32\VERSION.dll
0x00007ffd28dc0000 - 0x00007ffd28df1000 	C:\Windows\System32\IMM32.DLL
0x00007ffd127a0000 - 0x00007ffd127ac000 	C:\Program Files\Java\jdk-19\bin\vcruntime140_1.dll
0x00007ffcc7f20000 - 0x00007ffcc7fae000 	C:\Program Files\Java\jdk-19\bin\msvcp140.dll
0x00007ffcc4490000 - 0x00007ffcc5150000 	C:\Program Files\Java\jdk-19\bin\server\jvm.dll
0x00007ffd135f0000 - 0x00007ffd135f9000 	C:\Windows\SYSTEM32\WSOCK32.dll
0x00007ffd1c520000 - 0x00007ffd1c553000 	C:\Windows\SYSTEM32\WINMM.dll
0x00007ffd287b0000 - 0x00007ffd2881f000 	C:\Windows\System32\WS2_32.dll
0x00007ffd258a0000 - 0x00007ffd258b8000 	C:\Windows\SYSTEM32\kernel.appcore.dll
0x00007ffd11b40000 - 0x00007ffd11b4a000 	C:\Program Files\Java\jdk-19\bin\jimage.dll
0x00007ffd24370000 - 0x00007ffd24591000 	C:\Windows\SYSTEM32\DBGHELP.DLL
0x00007ffd0b180000 - 0x00007ffd0b1b1000 	C:\Windows\SYSTEM32\dbgcore.DLL
0x00007ffd270f0000 - 0x00007ffd2716f000 	C:\Windows\System32\bcryptPrimitives.dll
0x00007ffd001b0000 - 0x00007ffd001d6000 	C:\Program Files\Java\jdk-19\bin\java.dll
0x00007ffcc6810000 - 0x00007ffcc68e7000 	C:\Program Files\Java\jdk-19\bin\jsvml.dll
0x00007ffd27bd0000 - 0x00007ffd28395000 	C:\Windows\System32\SHELL32.dll
0x00007ffd24890000 - 0x00007ffd250f4000 	C:\Windows\SYSTEM32\windows.storage.dll
0x00007ffd27170000 - 0x00007ffd274e6000 	C:\Windows\System32\combase.dll
0x00007ffd24720000 - 0x00007ffd24887000 	C:\Windows\SYSTEM32\wintypes.dll
0x00007ffd28480000 - 0x00007ffd2856a000 	C:\Windows\System32\SHCORE.dll
0x00007ffd28d00000 - 0x00007ffd28d5d000 	C:\Windows\System32\shlwapi.dll
0x00007ffd266e0000 - 0x00007ffd26701000 	C:\Windows\SYSTEM32\profapi.dll
0x00007ffd0cb90000 - 0x00007ffd0cba3000 	C:\Program Files\Java\jdk-19\bin\net.dll
0x00007ffd1cea0000 - 0x00007ffd1cfb3000 	C:\Windows\SYSTEM32\WINHTTP.dll
0x00007ffd25d40000 - 0x00007ffd25da7000 	C:\Windows\system32\mswsock.dll
0x00007ffd0b710000 - 0x00007ffd0b726000 	C:\Program Files\Java\jdk-19\bin\nio.dll

dbghelp: loaded successfully - version: 4.0.5 - missing functions: none
symbol engine: initialized successfully - sym options: 0x614 - pdb path: .;C:\Program Files\Java\jdk-19\bin;C:\Windows\SYSTEM32;C:\Windows\WinSxS\amd64_microsoft.windows.common-controls_6595b64144ccf1df_6.0.22000.120_none_9d947278b86cc467;C:\Program Files\Java\jdk-19\bin\server

VM Arguments:
jvm_args: -Dfile.encoding=UTF-8 --module-path=C:\Users\HP 840 G3\Desktop\Quiz\build\classes 
java_command: quiz.application.Rules
java_class_path (initial): C:\Users\HP 840 G3\Desktop\Quiz\build\classes
Launcher Type: SUN_STANDARD

[Global flags]
     intx CICompilerCount                          = 3                                         {product} {ergonomic}
     uint ConcGCThreads                            = 1                                         {product} {ergonomic}
     uint G1ConcRefinementThreads                  = 4                                         {product} {ergonomic}
   size_t G1HeapRegionSize                         = 2097152                                   {product} {ergonomic}
    uintx GCDrainStackTargetSize                   = 64                                        {product} {ergonomic}
   size_t InitialHeapSize                          = 268435456                                 {product} {ergonomic}
   size_t MarkStackSize                            = 4194304                                   {product} {ergonomic}
   size_t MaxHeapSize                              = 4263510016                                {product} {ergonomic}
   size_t MaxNewSize                               = 2556428288                                {product} {ergonomic}
   size_t MinHeapDeltaBytes                        = 2097152                                   {product} {ergonomic}
   size_t MinHeapSize                              = 8388608                                   {product} {ergonomic}
    uintx NonNMethodCodeHeapSize                   = 5832780                                {pd product} {ergonomic}
    uintx NonProfiledCodeHeapSize                  = 122912730                              {pd product} {ergonomic}
    uintx ProfiledCodeHeapSize                     = 122912730                              {pd product} {ergonomic}
    uintx ReservedCodeCacheSize                    = 251658240                              {pd product} {ergonomic}
     bool SegmentedCodeCache                       = true                                      {product} {ergonomic}
   size_t SoftMaxHeapSize                          = 4263510016                             {manageable} {ergonomic}
     bool UseCompressedClassPointers               = true                           {product lp64_product} {ergonomic}
     bool UseCompressedOops                        = true                           {product lp64_product} {ergonomic}
     bool UseG1GC                                  = true                                      {product} {ergonomic}
     bool UseLargePagesIndividualAllocation        = false                                  {pd product} {ergonomic}

Logging:
Log output configuration:
 #0: stdout all=warning uptime,level,tags foldmultilines=false
 #1: stderr all=off uptime,level,tags foldmultilines=false

Environment Variables:
JAVA_HOME=C:\Program Files\Java\jdk-19
PATH=C:\Program Files\Common Files\Oracle\Java\javapath;C:\Windows\system32;C:\Windows;C:\Windows\System32\Wbem;C:\Windows\System32\WindowsPowerShell\v1.0\;C:\Windows\System32\OpenSSH\;C:\Program Files\Java\jdk-19\bin;C:\Program Files\Cloudflare\Cloudflare WARP\;C:\Users\HP 840 G3\AppData\Local\Programs\Python\Python311\Scripts\;C:\Users\HP 840 G3\AppData\Local\Programs\Python\Python311\;C:\Users\HP 840 G3\AppData\Local\Microsoft\WindowsApps;;C:\Users\HP 840 G3\AppData\Local\Programs\Microsoft VS Code\bin
USERNAME=HP 840 G3
OS=Windows_NT
PROCESSOR_IDENTIFIER=Intel64 Family 6 Model 78 Stepping 3, GenuineIntel
TMP=C:\Users\HP840G~1\AppData\Local\Temp
TEMP=C:\Users\HP840G~1\AppData\Local\Temp



---------------  S Y S T E M  ---------------

OS:
 Windows 11 , 64 bit Build 22000 (10.0.22000.1880)
OS uptime: 15 days 3:23 hours

CPU: total 4 (initial active 4) (2 cores per cpu, 2 threads per core) family 6 model 78 stepping 3 microcode 0xf0, cx8, cmov, fxsr, ht, mmx, 3dnowpref, sse, sse2, sse3, ssse3, sse4.1, sse4.2, popcnt, lzcnt, tsc, tscinvbit, avx, avx2, aes, erms, clmul, bmi1, bmi2, rtm, adx, fma, vzeroupper, clflush, clflushopt, rdtscp

Memory: 4k page, system-wide physical 16263M (7712M free)
TotalPageFile size 29062M (AvailPageFile size 5M)
current process WorkingSet (physical memory assigned to process): 33M, peak: 33M
current process commit charge ("private bytes"): 336M, peak: 336M

vm_info: Java HotSpot(TM) 64-Bit Server VM (19.0.2+7-44) for windows-amd64 JRE (19.0.2+7-44), built on 2022-11-30T18:02:09Z by "mach5one" with MS VC++ 17.1 (VS2022)

END.
